02:38:25.918 [SpringApplicationShutdownHook] INFO  c.a.d.p.DruidDataSource - [close,2204] - {dataSource-1} closing ...
02:38:25.949 [SpringApplicationShutdownHook] INFO  c.a.d.p.DruidDataSource - [close,2277] - {dataSource-1} closed
02:38:30.549 [main] INFO  c.f.SpringbootApplication - [logStarting,53] - Starting SpringbootApplication using Java 21.0.10 with PID 56564 (F:\fast\springboot\target\classes started by LJH in F:\fast)
02:38:30.551 [main] INFO  c.f.SpringbootApplication - [logStartupProfileInfo,652] - No active profile set, falling back to 1 default profile: "default"
02:38:31.448 [main] INFO  o.a.c.h.Http11NioProtocol - [log,168] - Initializing ProtocolHandler ["http-nio-8080"]
02:38:31.450 [main] INFO  o.a.c.c.StandardService - [log,168] - Starting service [Tomcat]
02:38:31.450 [main] INFO  o.a.c.c.StandardEngine - [log,168] - Starting Servlet engine: [Apache Tomcat/10.1.54]
02:38:31.510 [main] INFO  o.a.c.c.C.[.[.[/] - [log,168] - Initializing Spring embedded WebApplicationContext
02:38:31.636 [main] INFO  c.a.d.s.b.a.DruidDataSourceAutoConfigure - [dataSource,68] - Init DruidDataSource
02:38:31.700 [main] INFO  c.a.d.p.DruidDataSource - [init,1002] - {dataSource-1} inited
02:38:32.588 [main] INFO  o.a.c.h.Http11NioProtocol - [log,168] - Starting ProtocolHandler ["http-nio-8080"]
02:38:32.652 [main] INFO  c.f.SpringbootApplication - [logStarted,59] - Started SpringbootApplication in 2.44 seconds (process running for 3.418)
02:38:47.014 [http-nio-8080-exec-1] INFO  o.a.c.c.C.[.[.[/] - [log,168] - Initializing Spring DispatcherServlet 'dispatcherServlet'
02:45:42.207 [SpringApplicationShutdownHook] INFO  c.a.d.p.DruidDataSource - [close,2204] - {dataSource-1} closing ...
02:45:42.208 [SpringApplicationShutdownHook] INFO  c.a.d.p.DruidDataSource - [close,2277] - {dataSource-1} closed
02:45:49.086 [main] INFO  c.f.SpringbootApplication - [logStarting,53] - Starting SpringbootApplication using Java 21.0.10 with PID 50544 (F:\fast\springboot\target\classes started by LJH in F:\fast)
02:45:49.090 [main] INFO  c.f.SpringbootApplication - [logStartupProfileInfo,652] - No active profile set, falling back to 1 default profile: "default"
02:45:49.908 [main] INFO  o.a.c.h.Http11NioProtocol - [log,168] - Initializing ProtocolHandler ["http-nio-8080"]
02:45:49.909 [main] INFO  o.a.c.c.StandardService - [log,168] - Starting service [Tomcat]
02:45:49.909 [main] INFO  o.a.c.c.StandardEngine - [log,168] - Starting Servlet engine: [Apache Tomcat/10.1.54]
02:45:49.969 [main] INFO  o.a.c.c.C.[.[.[/] - [log,168] - Initializing Spring embedded WebApplicationContext
02:45:50.091 [main] INFO  c.a.d.s.b.a.DruidDataSourceAutoConfigure - [dataSource,68] - Init DruidDataSource
02:45:50.149 [main] INFO  c.a.d.p.DruidDataSource - [init,1002] - {dataSource-1} inited
02:45:50.722 [main] INFO  o.a.c.h.Http11NioProtocol - [log,168] - Starting ProtocolHandler ["http-nio-8080"]
02:45:50.740 [main] INFO  c.f.SpringbootApplication - [logStarted,59] - Started SpringbootApplication in 1.954 seconds (process running for 2.65)
02:46:03.501 [http-nio-8080-exec-1] INFO  o.a.c.c.C.[.[.[/] - [log,168] - Initializing Spring DispatcherServlet 'dispatcherServlet'
02:48:27.573 [SpringApplicationShutdownHook] INFO  c.a.d.p.DruidDataSource - [close,2204] - {dataSource-1} closing ...
02:48:27.578 [SpringApplicationShutdownHook] INFO  c.a.d.p.DruidDataSource - [close,2277] - {dataSource-1} closed
02:48:32.194 [main] INFO  c.f.SpringbootApplication - [logStarting,53] - Starting SpringbootApplication using Java 21.0.10 with PID 20144 (F:\fast\springboot\target\classes started by LJH in F:\fast)
02:48:32.197 [main] INFO  c.f.SpringbootApplication - [logStartupProfileInfo,652] - No active profile set, falling back to 1 default profile: "default"
02:48:33.013 [main] INFO  o.a.c.h.Http11NioProtocol - [log,168] - Initializing ProtocolHandler ["http-nio-8080"]
02:48:33.014 [main] INFO  o.a.c.c.StandardService - [log,168] - Starting service [Tomcat]
02:48:33.014 [main] INFO  o.a.c.c.StandardEngine - [log,168] - Starting Servlet engine: [Apache Tomcat/10.1.54]
02:48:33.075 [main] INFO  o.a.c.c.C.[.[.[/] - [log,168] - Initializing Spring embedded WebApplicationContext
02:48:33.200 [main] INFO  c.a.d.s.b.a.DruidDataSourceAutoConfigure - [dataSource,68] - Init DruidDataSource
02:48:33.253 [main] INFO  c.a.d.p.DruidDataSource - [init,1002] - {dataSource-1} inited
02:48:33.837 [main] INFO  o.a.c.h.Http11NioProtocol - [log,168] - Starting ProtocolHandler ["http-nio-8080"]
02:48:33.861 [main] INFO  c.f.SpringbootApplication - [logStarted,59] - Started SpringbootApplication in 1.945 seconds (process running for 2.63)
02:48:36.835 [http-nio-8080-exec-2] INFO  o.a.c.c.C.[.[.[/] - [log,168] - Initializing Spring DispatcherServlet 'dispatcherServlet'
02:49:50.742 [SpringApplicationShutdownHook] INFO  c.a.d.p.DruidDataSource - [close,2204] - {dataSource-1} closing ...
02:49:50.746 [SpringApplicationShutdownHook] INFO  c.a.d.p.DruidDataSource - [close,2277] - {dataSource-1} closed
02:49:54.045 [main] INFO  c.f.SpringbootApplication - [logStarting,53] - Starting SpringbootApplication using Java 21.0.10 with PID 56376 (F:\fast\springboot\target\classes started by LJH in F:\fast)
02:49:54.047 [main] INFO  c.f.SpringbootApplication - [logStartupProfileInfo,652] - No active profile set, falling back to 1 default profile: "default"
02:49:54.803 [main] INFO  o.a.c.h.Http11NioProtocol - [log,168] - Initializing ProtocolHandler ["http-nio-8080"]
02:49:54.804 [main] INFO  o.a.c.c.StandardService - [log,168] - Starting service [Tomcat]
02:49:54.804 [main] INFO  o.a.c.c.StandardEngine - [log,168] - Starting Servlet engine: [Apache Tomcat/10.1.54]
02:49:54.844 [main] INFO  o.a.c.c.C.[.[.[/] - [log,168] - Initializing Spring embedded WebApplicationContext
02:49:54.958 [main] INFO  c.a.d.s.b.a.DruidDataSourceAutoConfigure - [dataSource,68] - Init DruidDataSource
02:49:55.005 [main] INFO  c.a.d.p.DruidDataSource - [init,1002] - {dataSource-1} inited
02:49:55.557 [main] INFO  o.a.c.h.Http11NioProtocol - [log,168] - Starting ProtocolHandler ["http-nio-8080"]
02:49:55.575 [main] INFO  c.f.SpringbootApplication - [logStarted,59] - Started SpringbootApplication in 1.811 seconds (process running for 2.444)
02:50:05.576 [http-nio-8080-exec-1] INFO  o.a.c.c.C.[.[.[/] - [log,168] - Initializing Spring DispatcherServlet 'dispatcherServlet'
02:51:50.920 [SpringApplicationShutdownHook] INFO  c.a.d.p.DruidDataSource - [close,2204] - {dataSource-1} closing ...
02:51:50.924 [SpringApplicationShutdownHook] INFO  c.a.d.p.DruidDataSource - [close,2277] - {dataSource-1} closed
02:51:56.782 [main] INFO  c.f.SpringbootApplication - [logStarting,53] - Starting SpringbootApplication using Java 21.0.10 with PID 45188 (F:\fast\springboot\target\classes started by LJH in F:\fast)
02:51:56.786 [main] INFO  c.f.SpringbootApplication - [logStartupProfileInfo,652] - No active profile set, falling back to 1 default profile: "default"
02:51:57.601 [main] INFO  o.a.c.h.Http11NioProtocol - [log,168] - Initializing ProtocolHandler ["http-nio-8080"]
02:51:57.602 [main] INFO  o.a.c.c.StandardService - [log,168] - Starting service [Tomcat]
02:51:57.602 [main] INFO  o.a.c.c.StandardEngine - [log,168] - Starting Servlet engine: [Apache Tomcat/10.1.54]
02:51:57.651 [main] INFO  o.a.c.c.C.[.[.[/] - [log,168] - Initializing Spring embedded WebApplicationContext
02:51:57.768 [main] INFO  c.a.d.s.b.a.DruidDataSourceAutoConfigure - [dataSource,68] - Init DruidDataSource
02:51:57.825 [main] INFO  c.a.d.p.DruidDataSource - [init,1002] - {dataSource-1} inited
02:51:58.446 [main] INFO  o.a.c.h.Http11NioProtocol - [log,168] - Starting ProtocolHandler ["http-nio-8080"]
02:51:58.470 [main] INFO  c.f.SpringbootApplication - [logStarted,59] - Started SpringbootApplication in 1.961 seconds (process running for 2.632)
02:52:01.312 [http-nio-8080-exec-1] INFO  o.a.c.c.C.[.[.[/] - [log,168] - Initializing Spring DispatcherServlet 'dispatcherServlet'
02:53:28.640 [SpringApplicationShutdownHook] INFO  c.a.d.p.DruidDataSource - [close,2204] - {dataSource-1} closing ...
02:53:28.640 [SpringApplicationShutdownHook] INFO  c.a.d.p.DruidDataSource - [close,2277] - {dataSource-1} closed
02:53:34.894 [main] INFO  c.f.SpringbootApplication - [logStarting,53] - Starting SpringbootApplication using Java 21.0.10 with PID 20124 (F:\fast\springboot\target\classes started by LJH in F:\fast)
02:53:34.897 [main] INFO  c.f.SpringbootApplication - [logStartupProfileInfo,652] - No active profile set, falling back to 1 default profile: "default"
02:53:35.682 [main] INFO  o.a.c.h.Http11NioProtocol - [log,168] - Initializing ProtocolHandler ["http-nio-8080"]
02:53:35.683 [main] INFO  o.a.c.c.StandardService - [log,168] - Starting service [Tomcat]
02:53:35.683 [main] INFO  o.a.c.c.StandardEngine - [log,168] - Starting Servlet engine: [Apache Tomcat/10.1.54]
02:53:35.731 [main] INFO  o.a.c.c.C.[.[.[/] - [log,168] - Initializing Spring embedded WebApplicationContext
02:53:35.842 [main] INFO  c.a.d.s.b.a.DruidDataSourceAutoConfigure - [dataSource,68] - Init DruidDataSource
02:53:35.890 [main] INFO  c.a.d.p.DruidDataSource - [init,1002] - {dataSource-1} inited
02:53:36.443 [main] INFO  o.a.c.h.Http11NioProtocol - [log,168] - Starting ProtocolHandler ["http-nio-8080"]
02:53:36.462 [main] INFO  c.f.SpringbootApplication - [logStarted,59] - Started SpringbootApplication in 1.834 seconds (process running for 2.515)
02:53:40.745 [http-nio-8080-exec-2] INFO  o.a.c.c.C.[.[.[/] - [log,168] - Initializing Spring DispatcherServlet 'dispatcherServlet'
02:56:00.635 [SpringApplicationShutdownHook] INFO  c.a.d.p.DruidDataSource - [close,2204] - {dataSource-1} closing ...
02:56:00.635 [SpringApplicationShutdownHook] INFO  c.a.d.p.DruidDataSource - [close,2277] - {dataSource-1} closed
02:56:04.753 [main] INFO  c.f.SpringbootApplication - [logStarting,53] - Starting SpringbootApplication using Java 21.0.10 with PID 38400 (F:\fast\springboot\target\classes started by LJH in F:\fast)
02:56:04.757 [main] INFO  c.f.SpringbootApplication - [logStartupProfileInfo,652] - No active profile set, falling back to 1 default profile: "default"
02:56:05.566 [main] INFO  o.a.c.h.Http11NioProtocol - [log,168] - Initializing ProtocolHandler ["http-nio-8080"]
02:56:05.567 [main] INFO  o.a.c.c.StandardService - [log,168] - Starting service [Tomcat]
02:56:05.567 [main] INFO  o.a.c.c.StandardEngine - [log,168] - Starting Servlet engine: [Apache Tomcat/10.1.54]
02:56:05.633 [main] INFO  o.a.c.c.C.[.[.[/] - [log,168] - Initializing Spring embedded WebApplicationContext
02:56:05.765 [main] INFO  c.a.d.s.b.a.DruidDataSourceAutoConfigure - [dataSource,68] - Init DruidDataSource
02:56:05.824 [main] INFO  c.a.d.p.DruidDataSource - [init,1002] - {dataSource-1} inited
02:56:06.407 [main] INFO  o.a.c.h.Http11NioProtocol - [log,168] - Starting ProtocolHandler ["http-nio-8080"]
02:56:06.427 [main] INFO  c.f.SpringbootApplication - [logStarted,59] - Started SpringbootApplication in 1.948 seconds (process running for 2.573)
02:56:08.600 [http-nio-8080-exec-1] INFO  o.a.c.c.C.[.[.[/] - [log,168] - Initializing Spring DispatcherServlet 'dispatcherServlet'
03:02:55.223 [SpringApplicationShutdownHook] INFO  c.a.d.p.DruidDataSource - [close,2204] - {dataSource-1} closing ...
03:02:55.223 [SpringApplicationShutdownHook] INFO  c.a.d.p.DruidDataSource - [close,2277] - {dataSource-1} closed
03:03:00.795 [main] INFO  c.f.SpringbootApplication - [logStarting,53] - Starting SpringbootApplication using Java 21.0.10 with PID 54808 (F:\fast\springboot\target\classes started by LJH in F:\fast)
03:03:00.799 [main] INFO  c.f.SpringbootApplication - [logStartupProfileInfo,652] - No active profile set, falling back to 1 default profile: "default"
03:03:01.599 [main] INFO  o.a.c.h.Http11NioProtocol - [log,168] - Initializing ProtocolHandler ["http-nio-8080"]
03:03:01.600 [main] INFO  o.a.c.c.StandardService - [log,168] - Starting service [Tomcat]
03:03:01.600 [main] INFO  o.a.c.c.StandardEngine - [log,168] - Starting Servlet engine: [Apache Tomcat/10.1.54]
03:03:01.656 [main] INFO  o.a.c.c.C.[.[.[/] - [log,168] - Initializing Spring embedded WebApplicationContext
03:03:01.773 [main] INFO  c.a.d.s.b.a.DruidDataSourceAutoConfigure - [dataSource,68] - Init DruidDataSource
03:03:01.826 [main] INFO  c.a.d.p.DruidDataSource - [init,1002] - {dataSource-1} inited
03:03:02.468 [main] INFO  o.a.c.h.Http11NioProtocol - [log,168] - Starting ProtocolHandler ["http-nio-8080"]
03:03:02.487 [main] INFO  c.f.SpringbootApplication - [logStarted,59] - Started SpringbootApplication in 1.96 seconds (process running for 2.639)
03:03:16.268 [http-nio-8080-exec-1] INFO  o.a.c.c.C.[.[.[/] - [log,168] - Initializing Spring DispatcherServlet 'dispatcherServlet'
03:13:24.673 [SpringApplicationShutdownHook] INFO  c.a.d.p.DruidDataSource - [close,2204] - {dataSource-1} closing ...
03:13:24.674 [SpringApplicationShutdownHook] INFO  c.a.d.p.DruidDataSource - [close,2277] - {dataSource-1} closed
03:13:30.943 [main] INFO  c.f.SpringbootApplication - [logStarting,53] - Starting SpringbootApplication using Java 21.0.10 with PID 34444 (F:\fast\springboot\target\classes started by LJH in F:\fast)
03:13:30.945 [main] INFO  c.f.SpringbootApplication - [logStartupProfileInfo,652] - No active profile set, falling back to 1 default profile: "default"
03:13:31.777 [main] INFO  o.a.c.h.Http11NioProtocol - [log,168] - Initializing ProtocolHandler ["http-nio-8080"]
03:13:31.779 [main] INFO  o.a.c.c.StandardService - [log,168] - Starting service [Tomcat]
03:13:31.779 [main] INFO  o.a.c.c.StandardEngine - [log,168] - Starting Servlet engine: [Apache Tomcat/10.1.54]
03:13:31.832 [main] INFO  o.a.c.c.C.[.[.[/] - [log,168] - Initializing Spring embedded WebApplicationContext
03:13:31.973 [main] INFO  c.a.d.s.b.a.DruidDataSourceAutoConfigure - [dataSource,68] - Init DruidDataSource
03:13:32.027 [main] INFO  c.a.d.p.DruidDataSource - [init,1002] - {dataSource-1} inited
03:13:32.620 [main] INFO  o.a.c.h.Http11NioProtocol - [log,168] - Starting ProtocolHandler ["http-nio-8080"]
03:13:32.644 [main] INFO  c.f.SpringbootApplication - [logStarted,59] - Started SpringbootApplication in 1.993 seconds (process running for 2.666)
03:13:37.373 [http-nio-8080-exec-1] INFO  o.a.c.c.C.[.[.[/] - [log,168] - Initializing Spring DispatcherServlet 'dispatcherServlet'
03:17:14.754 [SpringApplicationShutdownHook] INFO  c.a.d.p.DruidDataSource - [close,2204] - {dataSource-1} closing ...
03:17:14.758 [SpringApplicationShutdownHook] INFO  c.a.d.p.DruidDataSource - [close,2277] - {dataSource-1} closed
03:17:18.012 [main] INFO  c.f.SpringbootApplication - [logStarting,53] - Starting SpringbootApplication using Java 21.0.10 with PID 21256 (F:\fast\springboot\target\classes started by LJH in F:\fast)
03:17:18.015 [main] INFO  c.f.SpringbootApplication - [logStartupProfileInfo,652] - No active profile set, falling back to 1 default profile: "default"
03:17:18.807 [main] INFO  o.a.c.h.Http11NioProtocol - [log,168] - Initializing ProtocolHandler ["http-nio-8080"]
03:17:18.808 [main] INFO  o.a.c.c.StandardService - [log,168] - Starting service [Tomcat]
03:17:18.809 [main] INFO  o.a.c.c.StandardEngine - [log,168] - Starting Servlet engine: [Apache Tomcat/10.1.54]
03:17:18.860 [main] INFO  o.a.c.c.C.[.[.[/] - [log,168] - Initializing Spring embedded WebApplicationContext
03:17:18.978 [main] INFO  c.a.d.s.b.a.DruidDataSourceAutoConfigure - [dataSource,68] - Init DruidDataSource
03:17:19.028 [main] INFO  c.a.d.p.DruidDataSource - [init,1002] - {dataSource-1} inited
03:17:19.612 [main] INFO  o.a.c.h.Http11NioProtocol - [log,168] - Starting ProtocolHandler ["http-nio-8080"]
03:17:19.632 [main] INFO  c.f.SpringbootApplication - [logStarted,59] - Started SpringbootApplication in 1.891 seconds (process running for 2.554)
03:17:49.589 [SpringApplicationShutdownHook] INFO  c.a.d.p.DruidDataSource - [close,2204] - {dataSource-1} closing ...
03:17:49.590 [SpringApplicationShutdownHook] INFO  c.a.d.p.DruidDataSource - [close,2277] - {dataSource-1} closed
03:17:52.387 [main] INFO  c.f.SpringbootApplication - [logStarting,53] - Starting SpringbootApplication using Java 21.0.10 with PID 5680 (F:\fast\springboot\target\classes started by LJH in F:\fast)
03:17:52.391 [main] INFO  c.f.SpringbootApplication - [logStartupProfileInfo,652] - No active profile set, falling back to 1 default profile: "default"
03:17:53.169 [main] INFO  o.a.c.h.Http11NioProtocol - [log,168] - Initializing ProtocolHandler ["http-nio-8080"]
03:17:53.170 [main] INFO  o.a.c.c.StandardService - [log,168] - Starting service [Tomcat]
03:17:53.170 [main] INFO  o.a.c.c.StandardEngine - [log,168] - Starting Servlet engine: [Apache Tomcat/10.1.54]
03:17:53.224 [main] INFO  o.a.c.c.C.[.[.[/] - [log,168] - Initializing Spring embedded WebApplicationContext
03:17:53.360 [main] INFO  c.a.d.s.b.a.DruidDataSourceAutoConfigure - [dataSource,68] - Init DruidDataSource
03:17:53.411 [main] INFO  c.a.d.p.DruidDataSource - [init,1002] - {dataSource-1} inited
03:17:53.977 [main] INFO  o.a.c.h.Http11NioProtocol - [log,168] - Starting ProtocolHandler ["http-nio-8080"]
03:17:53.995 [main] INFO  c.f.SpringbootApplication - [logStarted,59] - Started SpringbootApplication in 1.875 seconds (process running for 2.512)
03:18:16.344 [SpringApplicationShutdownHook] INFO  c.a.d.p.DruidDataSource - [close,2204] - {dataSource-1} closing ...
03:18:16.345 [SpringApplicationShutdownHook] INFO  c.a.d.p.DruidDataSource - [close,2277] - {dataSource-1} closed
03:18:19.143 [main] INFO  c.f.SpringbootApplication - [logStarting,53] - Starting SpringbootApplication using Java 21.0.10 with PID 53456 (F:\fast\springboot\target\classes started by LJH in F:\fast)
03:18:19.144 [main] INFO  c.f.SpringbootApplication - [logStartupProfileInfo,652] - No active profile set, falling back to 1 default profile: "default"
03:18:19.955 [main] INFO  o.a.c.h.Http11NioProtocol - [log,168] - Initializing ProtocolHandler ["http-nio-8080"]
03:18:19.957 [main] INFO  o.a.c.c.StandardService - [log,168] - Starting service [Tomcat]
03:18:19.957 [main] INFO  o.a.c.c.StandardEngine - [log,168] - Starting Servlet engine: [Apache Tomcat/10.1.54]
03:18:20.001 [main] INFO  o.a.c.c.C.[.[.[/] - [log,168] - Initializing Spring embedded WebApplicationContext
03:18:20.120 [main] INFO  c.a.d.s.b.a.DruidDataSourceAutoConfigure - [dataSource,68] - Init DruidDataSource
03:18:20.171 [main] INFO  c.a.d.p.DruidDataSource - [init,1002] - {dataSource-1} inited
03:18:20.779 [main] INFO  o.a.c.h.Http11NioProtocol - [log,168] - Starting ProtocolHandler ["http-nio-8080"]
03:18:20.799 [main] INFO  c.f.SpringbootApplication - [logStarted,59] - Started SpringbootApplication in 1.929 seconds (process running for 2.581)
03:18:48.751 [SpringApplicationShutdownHook] INFO  c.a.d.p.DruidDataSource - [close,2204] - {dataSource-1} closing ...
03:18:48.752 [SpringApplicationShutdownHook] INFO  c.a.d.p.DruidDataSource - [close,2277] - {dataSource-1} closed
03:18:51.579 [main] INFO  c.f.SpringbootApplication - [logStarting,53] - Starting SpringbootApplication using Java 21.0.10 with PID 40424 (F:\fast\springboot\target\classes started by LJH in F:\fast)
03:18:51.583 [main] INFO  c.f.SpringbootApplication - [logStartupProfileInfo,652] - No active profile set, falling back to 1 default profile: "default"
03:18:52.356 [main] INFO  o.a.c.h.Http11NioProtocol - [log,168] - Initializing ProtocolHandler ["http-nio-8080"]
03:18:52.357 [main] INFO  o.a.c.c.StandardService - [log,168] - Starting service [Tomcat]
03:18:52.357 [main] INFO  o.a.c.c.StandardEngine - [log,168] - Starting Servlet engine: [Apache Tomcat/10.1.54]
03:18:52.405 [main] INFO  o.a.c.c.C.[.[.[/] - [log,168] - Initializing Spring embedded WebApplicationContext
03:18:52.519 [main] INFO  c.a.d.s.b.a.DruidDataSourceAutoConfigure - [dataSource,68] - Init DruidDataSource
03:18:52.571 [main] INFO  c.a.d.p.DruidDataSource - [init,1002] - {dataSource-1} inited
03:18:53.123 [main] INFO  o.a.c.h.Http11NioProtocol - [log,168] - Starting ProtocolHandler ["http-nio-8080"]
03:18:53.141 [main] INFO  c.f.SpringbootApplication - [logStarted,59] - Started SpringbootApplication in 1.829 seconds (process running for 2.458)
03:19:04.700 [SpringApplicationShutdownHook] INFO  c.a.d.p.DruidDataSource - [close,2204] - {dataSource-1} closing ...
03:19:04.701 [SpringApplicationShutdownHook] INFO  c.a.d.p.DruidDataSource - [close,2277] - {dataSource-1} closed
03:19:07.515 [main] INFO  c.f.SpringbootApplication - [logStarting,53] - Starting SpringbootApplication using Java 21.0.10 with PID 22180 (F:\fast\springboot\target\classes started by LJH in F:\fast)
03:19:07.517 [main] INFO  c.f.SpringbootApplication - [logStartupProfileInfo,652] - No active profile set, falling back to 1 default profile: "default"
03:19:08.287 [main] INFO  o.a.c.h.Http11NioProtocol - [log,168] - Initializing ProtocolHandler ["http-nio-8080"]
03:19:08.288 [main] INFO  o.a.c.c.StandardService - [log,168] - Starting service [Tomcat]
03:19:08.288 [main] INFO  o.a.c.c.StandardEngine - [log,168] - Starting Servlet engine: [Apache Tomcat/10.1.54]
03:19:08.330 [main] INFO  o.a.c.c.C.[.[.[/] - [log,168] - Initializing Spring embedded WebApplicationContext
03:19:08.459 [main] INFO  c.a.d.s.b.a.DruidDataSourceAutoConfigure - [dataSource,68] - Init DruidDataSource
03:19:08.514 [main] INFO  c.a.d.p.DruidDataSource - [init,1002] - {dataSource-1} inited
03:19:09.084 [main] INFO  o.a.c.h.Http11NioProtocol - [log,168] - Starting ProtocolHandler ["http-nio-8080"]
03:19:09.102 [main] INFO  c.f.SpringbootApplication - [logStarted,59] - Started SpringbootApplication in 1.845 seconds (process running for 2.483)
03:19:25.490 [SpringApplicationShutdownHook] INFO  c.a.d.p.DruidDataSource - [close,2204] - {dataSource-1} closing ...
03:19:25.490 [SpringApplicationShutdownHook] INFO  c.a.d.p.DruidDataSource - [close,2277] - {dataSource-1} closed
03:19:28.313 [main] INFO  c.f.SpringbootApplication - [logStarting,53] - Starting SpringbootApplication using Java 21.0.10 with PID 25160 (F:\fast\springboot\target\classes started by LJH in F:\fast)
03:19:28.315 [main] INFO  c.f.SpringbootApplication - [logStartupProfileInfo,652] - No active profile set, falling back to 1 default profile: "default"
03:19:29.092 [main] INFO  o.a.c.h.Http11NioProtocol - [log,168] - Initializing ProtocolHandler ["http-nio-8080"]
03:19:29.093 [main] INFO  o.a.c.c.StandardService - [log,168] - Starting service [Tomcat]
03:19:29.094 [main] INFO  o.a.c.c.StandardEngine - [log,168] - Starting Servlet engine: [Apache Tomcat/10.1.54]
03:19:29.147 [main] INFO  o.a.c.c.C.[.[.[/] - [log,168] - Initializing Spring embedded WebApplicationContext
03:19:29.266 [main] INFO  c.a.d.s.b.a.DruidDataSourceAutoConfigure - [dataSource,68] - Init DruidDataSource
03:19:29.315 [main] INFO  c.a.d.p.DruidDataSource - [init,1002] - {dataSource-1} inited
03:19:29.875 [main] INFO  o.a.c.h.Http11NioProtocol - [log,168] - Starting ProtocolHandler ["http-nio-8080"]
03:19:29.898 [main] INFO  c.f.SpringbootApplication - [logStarted,59] - Started SpringbootApplication in 1.858 seconds (process running for 2.491)
03:21:42.495 [SpringApplicationShutdownHook] INFO  c.a.d.p.DruidDataSource - [close,2204] - {dataSource-1} closing ...
03:21:42.496 [SpringApplicationShutdownHook] INFO  c.a.d.p.DruidDataSource - [close,2277] - {dataSource-1} closed
03:21:45.309 [main] INFO  c.f.SpringbootApplication - [logStarting,53] - Starting SpringbootApplication using Java 21.0.10 with PID 40924 (F:\fast\springboot\target\classes started by LJH in F:\fast)
03:21:45.314 [main] INFO  c.f.SpringbootApplication - [logStartupProfileInfo,652] - No active profile set, falling back to 1 default profile: "default"
03:21:46.118 [main] INFO  o.s.b.w.e.t.TomcatWebServer - [initialize,111] - Tomcat initialized with port 8080 (http)
03:21:46.129 [main] INFO  o.a.c.h.Http11NioProtocol - [log,168] - Initializing ProtocolHandler ["http-nio-8080"]
03:21:46.130 [main] INFO  o.a.c.c.StandardService - [log,168] - Starting service [Tomcat]
03:21:46.130 [main] INFO  o.a.c.c.StandardEngine - [log,168] - Starting Servlet engine: [Apache Tomcat/10.1.54]
03:21:46.186 [main] INFO  o.a.c.c.C.[.[.[/] - [log,168] - Initializing Spring embedded WebApplicationContext
03:21:46.187 [main] INFO  o.s.b.w.s.c.ServletWebServerApplicationContext - [prepareWebApplicationContext,301] - Root WebApplicationContext: initialization completed in 845 ms
03:21:46.309 [main] INFO  c.a.d.s.b.a.DruidDataSourceAutoConfigure - [dataSource,68] - Init DruidDataSource
03:21:46.364 [main] INFO  c.a.d.p.DruidDataSource - [init,1002] - {dataSource-1} inited
03:21:46.588 [main] INFO  o.s.s.c.a.a.c.InitializeUserDetailsBeanManagerConfigurer$InitializeUserDetailsManagerConfigurer - [configure,110] - Global AuthenticationManager configured with UserDetailsService bean with name inMemoryUserDetailsManager
03:21:46.946 [main] INFO  o.a.c.h.Http11NioProtocol - [log,168] - Starting ProtocolHandler ["http-nio-8080"]
03:21:46.965 [main] INFO  o.s.b.w.e.t.TomcatWebServer - [start,243] - Tomcat started on port 8080 (http) with context path '/'
03:21:46.971 [main] INFO  c.f.SpringbootApplication - [logStarted,59] - Started SpringbootApplication in 1.941 seconds (process running for 2.601)
03:22:10.829 [SpringApplicationShutdownHook] INFO  o.s.b.w.e.t.GracefulShutdown - [shutDownGracefully,54] - Commencing graceful shutdown. Waiting for active requests to complete
03:22:10.835 [tomcat-shutdown] INFO  o.s.b.w.e.t.GracefulShutdown - [doShutdown,76] - Graceful shutdown complete
03:22:10.838 [SpringApplicationShutdownHook] INFO  c.a.d.p.DruidDataSource - [close,2204] - {dataSource-1} closing ...
03:22:10.839 [SpringApplicationShutdownHook] INFO  c.a.d.p.DruidDataSource - [close,2277] - {dataSource-1} closed
22:17:55.513 [main] INFO  c.f.SpringbootApplication - [logStarting,53] - Starting SpringbootApplication using Java 21.0.10 with PID 62708 (F:\fast\springboot\target\classes started by LJH in F:\fast)
22:17:55.516 [main] INFO  c.f.SpringbootApplication - [logStartupProfileInfo,652] - No active profile set, falling back to 1 default profile: "default"
22:17:56.570 [main] INFO  o.s.b.w.e.t.TomcatWebServer - [initialize,111] - Tomcat initialized with port 8080 (http)
22:17:56.648 [main] INFO  o.s.b.w.s.c.ServletWebServerApplicationContext - [prepareWebApplicationContext,301] - Root WebApplicationContext: initialization completed in 1101 ms
22:17:56.834 [main] INFO  c.a.d.s.b.a.DruidDataSourceAutoConfigure - [dataSource,68] - Init DruidDataSource
22:17:56.918 [main] INFO  c.a.d.p.DruidDataSource - [init,1002] - {dataSource-1} inited
22:17:57.211 [main] INFO  o.s.s.c.a.a.c.InitializeUserDetailsBeanManagerConfigurer$InitializeUserDetailsManagerConfigurer - [configure,110] - Global AuthenticationManager configured with UserDetailsService bean with name inMemoryUserDetailsManager
22:17:57.424 [main] INFO  c.f.SpringbootApplication - [logStarting,53] - Starting SpringbootApplication using Java 21.0.10 with PID 43312 (F:\fast\springboot\target\classes started by LJH in F:\fast)
22:17:57.426 [main] INFO  c.f.SpringbootApplication - [logStartupProfileInfo,652] - No active profile set, falling back to 1 default profile: "default"
22:17:57.650 [main] INFO  o.s.b.w.e.t.TomcatWebServer - [start,243] - Tomcat started on port 8080 (http) with context path '/'
22:17:57.655 [main] INFO  c.f.SpringbootApplication - [logStarted,59] - Started SpringbootApplication in 2.472 seconds (process running for 3.095)
22:17:57.657 [SpringApplicationShutdownHook] INFO  o.s.b.w.e.t.GracefulShutdown - [shutDownGracefully,54] - Commencing graceful shutdown. Waiting for active requests to complete
22:17:57.662 [tomcat-shutdown] INFO  o.s.b.w.e.t.GracefulShutdown - [doShutdown,76] - Graceful shutdown complete
22:17:57.669 [SpringApplicationShutdownHook] INFO  c.a.d.p.DruidDataSource - [close,2204] - {dataSource-1} closing ...
22:17:57.670 [SpringApplicationShutdownHook] INFO  c.a.d.p.DruidDataSource - [close,2277] - {dataSource-1} closed
22:17:58.288 [main] INFO  o.s.b.w.e.t.TomcatWebServer - [initialize,111] - Tomcat initialized with port 8080 (http)
22:17:58.306 [main] INFO  o.a.c.h.Http11NioProtocol - [log,168] - Initializing ProtocolHandler ["http-nio-8080"]
22:17:58.310 [main] INFO  o.a.c.c.StandardService - [log,168] - Starting service [Tomcat]
22:17:58.310 [main] INFO  o.a.c.c.StandardEngine - [log,168] - Starting Servlet engine: [Apache Tomcat/10.1.54]
22:17:58.366 [main] INFO  o.a.c.c.C.[.[.[/] - [log,168] - Initializing Spring embedded WebApplicationContext
22:17:58.366 [main] INFO  o.s.b.w.s.c.ServletWebServerApplicationContext - [prepareWebApplicationContext,301] - Root WebApplicationContext: initialization completed in 907 ms
22:17:58.485 [main] INFO  c.a.d.s.b.a.DruidDataSourceAutoConfigure - [dataSource,68] - Init DruidDataSource
22:17:58.541 [main] INFO  c.a.d.p.DruidDataSource - [init,1002] - {dataSource-1} inited
22:17:58.786 [main] INFO  o.s.s.c.a.a.c.InitializeUserDetailsBeanManagerConfigurer$InitializeUserDetailsManagerConfigurer - [configure,110] - Global AuthenticationManager configured with UserDetailsService bean with name inMemoryUserDetailsManager
22:17:59.151 [main] INFO  o.a.c.h.Http11NioProtocol - [log,168] - Starting ProtocolHandler ["http-nio-8080"]
22:17:59.172 [main] INFO  o.s.b.w.e.t.TomcatWebServer - [start,243] - Tomcat started on port 8080 (http) with context path '/'
22:17:59.178 [main] INFO  c.f.SpringbootApplication - [logStarted,59] - Started SpringbootApplication in 2.081 seconds (process running for 3.23)
22:18:00.933 [SpringApplicationShutdownHook] INFO  o.s.b.w.e.t.GracefulShutdown - [shutDownGracefully,54] - Commencing graceful shutdown. Waiting for active requests to complete
22:18:00.940 [tomcat-shutdown] INFO  o.s.b.w.e.t.GracefulShutdown - [doShutdown,76] - Graceful shutdown complete
22:18:00.942 [SpringApplicationShutdownHook] INFO  c.a.d.p.DruidDataSource - [close,2204] - {dataSource-1} closing ...
22:18:00.942 [SpringApplicationShutdownHook] INFO  c.a.d.p.DruidDataSource - [close,2277] - {dataSource-1} closed
22:18:02.864 [main] INFO  c.f.SpringbootApplication - [logStarting,53] - Starting SpringbootApplication using Java 21.0.10 with PID 40528 (F:\fast\springboot\target\classes started by LJH in F:\fast)
22:18:02.865 [main] INFO  c.f.SpringbootApplication - [logStartupProfileInfo,652] - No active profile set, falling back to 1 default profile: "default"
22:18:03.718 [main] INFO  o.s.b.w.e.t.TomcatWebServer - [initialize,111] - Tomcat initialized with port 8080 (http)
22:18:03.728 [main] INFO  o.a.c.h.Http11NioProtocol - [log,168] - Initializing ProtocolHandler ["http-nio-8080"]
22:18:03.729 [main] INFO  o.a.c.c.StandardService - [log,168] - Starting service [Tomcat]
22:18:03.729 [main] INFO  o.a.c.c.StandardEngine - [log,168] - Starting Servlet engine: [Apache Tomcat/10.1.54]
22:18:03.787 [main] INFO  o.a.c.c.C.[.[.[/] - [log,168] - Initializing Spring embedded WebApplicationContext
22:18:03.787 [main] INFO  o.s.b.w.s.c.ServletWebServerApplicationContext - [prepareWebApplicationContext,301] - Root WebApplicationContext: initialization completed in 893 ms
22:18:03.914 [main] INFO  c.a.d.s.b.a.DruidDataSourceAutoConfigure - [dataSource,68] - Init DruidDataSource
22:18:03.971 [main] INFO  c.a.d.p.DruidDataSource - [init,1002] - {dataSource-1} inited
22:18:04.196 [main] INFO  o.s.s.c.a.a.c.InitializeUserDetailsBeanManagerConfigurer$InitializeUserDetailsManagerConfigurer - [configure,110] - Global AuthenticationManager configured with UserDetailsService bean with name inMemoryUserDetailsManager
22:18:04.561 [main] INFO  o.a.c.h.Http11NioProtocol - [log,168] - Starting ProtocolHandler ["http-nio-8080"]
22:18:04.574 [main] INFO  o.s.b.w.e.t.TomcatWebServer - [start,243] - Tomcat started on port 8080 (http) with context path '/'
22:18:04.580 [main] INFO  c.f.SpringbootApplication - [logStarted,59] - Started SpringbootApplication in 2.017 seconds (process running for 2.763)
22:18:18.104 [http-nio-8080-exec-1] INFO  o.a.c.c.C.[.[.[/] - [log,168] - Initializing Spring DispatcherServlet 'dispatcherServlet'
22:18:18.105 [http-nio-8080-exec-1] INFO  o.s.w.s.DispatcherServlet - [initServletBean,532] - Initializing Servlet 'dispatcherServlet'
22:18:18.106 [http-nio-8080-exec-1] INFO  o.s.w.s.DispatcherServlet - [initServletBean,554] - Completed initialization in 1 ms
22:19:14.113 [SpringApplicationShutdownHook] INFO  o.s.b.w.e.t.GracefulShutdown - [shutDownGracefully,54] - Commencing graceful shutdown. Waiting for active requests to complete
22:19:14.120 [tomcat-shutdown] INFO  o.s.b.w.e.t.GracefulShutdown - [doShutdown,76] - Graceful shutdown complete
22:19:14.123 [SpringApplicationShutdownHook] INFO  c.a.d.p.DruidDataSource - [close,2204] - {dataSource-1} closing ...
22:19:14.123 [SpringApplicationShutdownHook] INFO  c.a.d.p.DruidDataSource - [close,2277] - {dataSource-1} closed
22:19:21.245 [main] INFO  c.f.SpringbootApplication - [logStarting,53] - Starting SpringbootApplication using Java 21.0.10 with PID 63220 (F:\fast\springboot\target\classes started by LJH in F:\fast)
22:19:21.247 [main] INFO  c.f.SpringbootApplication - [logStartupProfileInfo,652] - No active profile set, falling back to 1 default profile: "default"
22:19:22.074 [main] INFO  o.s.b.w.e.t.TomcatWebServer - [initialize,111] - Tomcat initialized with port 8080 (http)
22:19:22.086 [main] INFO  o.a.c.h.Http11NioProtocol - [log,168] - Initializing ProtocolHandler ["http-nio-8080"]
22:19:22.087 [main] INFO  o.a.c.c.StandardService - [log,168] - Starting service [Tomcat]
22:19:22.088 [main] INFO  o.a.c.c.StandardEngine - [log,168] - Starting Servlet engine: [Apache Tomcat/10.1.54]
22:19:22.152 [main] INFO  o.a.c.c.C.[.[.[/] - [log,168] - Initializing Spring embedded WebApplicationContext
22:19:22.152 [main] INFO  o.s.b.w.s.c.ServletWebServerApplicationContext - [prepareWebApplicationContext,301] - Root WebApplicationContext: initialization completed in 879 ms
22:19:22.303 [main] INFO  c.a.d.s.b.a.DruidDataSourceAutoConfigure - [dataSource,68] - Init DruidDataSource
22:19:22.370 [main] INFO  c.a.d.p.DruidDataSource - [init,1002] - {dataSource-1} inited
22:19:22.649 [main] INFO  o.s.s.c.a.a.c.InitializeUserDetailsBeanManagerConfigurer$InitializeUserDetailsManagerConfigurer - [configure,110] - Global AuthenticationManager configured with UserDetailsService bean with name inMemoryUserDetailsManager
22:19:23.123 [main] INFO  o.a.c.h.Http11NioProtocol - [log,168] - Starting ProtocolHandler ["http-nio-8080"]
22:19:23.159 [main] INFO  o.s.b.w.e.t.TomcatWebServer - [start,243] - Tomcat started on port 8080 (http) with context path '/'
22:19:23.173 [main] INFO  c.f.SpringbootApplication - [logStarted,59] - Started SpringbootApplication in 2.253 seconds (process running for 3.169)
22:19:25.119 [http-nio-8080-exec-1] INFO  o.a.c.c.C.[.[.[/] - [log,168] - Initializing Spring DispatcherServlet 'dispatcherServlet'
22:19:25.120 [http-nio-8080-exec-1] INFO  o.s.w.s.DispatcherServlet - [initServletBean,532] - Initializing Servlet 'dispatcherServlet'
22:19:25.125 [http-nio-8080-exec-1] INFO  o.s.w.s.DispatcherServlet - [initServletBean,554] - Completed initialization in 3 ms
