00:16:20.207 [SpringApplicationShutdownHook] INFO  o.s.b.w.e.t.GracefulShutdown - [shutDownGracefully,54] - Commencing graceful shutdown. Waiting for active requests to complete
00:16:20.214 [tomcat-shutdown] INFO  o.s.b.w.e.t.GracefulShutdown - [doShutdown,76] - Graceful shutdown complete
00:16:20.217 [SpringApplicationShutdownHook] INFO  c.a.d.p.DruidDataSource - [close,2204] - {dataSource-1} closing ...
00:16:20.221 [SpringApplicationShutdownHook] INFO  c.a.d.p.DruidDataSource - [close,2277] - {dataSource-1} closed
00:16:24.537 [main] INFO  c.f.SpringbootApplication - [logStarting,53] - Starting SpringbootApplication using Java 21.0.10 with PID 62424 (F:\fast\springboot\target\classes started by LJH in F:\fast)
00:16:24.540 [main] INFO  c.f.SpringbootApplication - [logStartupProfileInfo,652] - No active profile set, falling back to 1 default profile: "default"
00:16:25.386 [main] INFO  o.s.b.w.e.t.TomcatWebServer - [initialize,111] - Tomcat initialized with port 8080 (http)
00:16:25.396 [main] INFO  o.a.c.h.Http11NioProtocol - [log,173] - Initializing ProtocolHandler ["http-nio-8080"]
00:16:25.398 [main] INFO  o.a.c.c.StandardService - [log,173] - Starting service [Tomcat]
00:16:25.399 [main] INFO  o.a.c.c.StandardEngine - [log,173] - Starting Servlet engine: [Apache Tomcat/10.1.34]
00:16:25.457 [main] INFO  o.a.c.c.C.[.[.[/] - [log,173] - Initializing Spring embedded WebApplicationContext
00:16:25.457 [main] INFO  o.s.b.w.s.c.ServletWebServerApplicationContext - [prepareWebApplicationContext,296] - Root WebApplicationContext: initialization completed in 892 ms
00:16:25.573 [main] INFO  c.a.d.s.b.a.DruidDataSourceAutoConfigure - [dataSource,68] - Init DruidDataSource
00:16:25.631 [main] INFO  c.a.d.p.DruidDataSource - [init,1002] - {dataSource-1} inited
00:16:25.910 [main] INFO  o.s.s.c.a.a.c.InitializeUserDetailsBeanManagerConfigurer$InitializeUserDetailsManagerConfigurer - [configure,114] - Global AuthenticationManager configured with UserDetailsService bean with name inMemoryUserDetailsManager
00:16:26.300 [main] INFO  o.a.c.h.Http11NioProtocol - [log,173] - Starting ProtocolHandler ["http-nio-8080"]
00:16:26.313 [main] INFO  o.s.b.w.e.t.TomcatWebServer - [start,243] - Tomcat started on port 8080 (http) with context path '/'
00:16:26.318 [main] INFO  c.f.SpringbootApplication - [logStarted,59] - Started SpringbootApplication in 2.058 seconds (process running for 2.735)
00:16:33.938 [http-nio-8080-exec-2] INFO  o.a.c.c.C.[.[.[/] - [log,173] - Initializing Spring DispatcherServlet 'dispatcherServlet'
00:16:33.939 [http-nio-8080-exec-2] INFO  o.s.w.s.DispatcherServlet - [initServletBean,532] - Initializing Servlet 'dispatcherServlet'
00:16:33.941 [http-nio-8080-exec-2] INFO  o.s.w.s.DispatcherServlet - [initServletBean,554] - Completed initialization in 2 ms
00:29:31.813 [SpringApplicationShutdownHook] INFO  o.s.b.w.e.t.GracefulShutdown - [shutDownGracefully,54] - Commencing graceful shutdown. Waiting for active requests to complete
00:29:31.818 [tomcat-shutdown] INFO  o.s.b.w.e.t.GracefulShutdown - [doShutdown,76] - Graceful shutdown complete
00:29:31.821 [SpringApplicationShutdownHook] INFO  c.a.d.p.DruidDataSource - [close,2204] - {dataSource-1} closing ...
00:29:31.825 [SpringApplicationShutdownHook] INFO  c.a.d.p.DruidDataSource - [close,2277] - {dataSource-1} closed
00:29:37.123 [main] INFO  c.f.SpringbootApplication - [logStarting,53] - Starting SpringbootApplication using Java 21.0.10 with PID 8632 (F:\fast\springboot\target\classes started by LJH in F:\fast)
00:29:37.124 [main] INFO  c.f.SpringbootApplication - [logStartupProfileInfo,652] - No active profile set, falling back to 1 default profile: "default"
00:29:37.984 [main] INFO  o.s.b.w.e.t.TomcatWebServer - [initialize,111] - Tomcat initialized with port 8080 (http)
00:29:37.994 [main] INFO  o.a.c.h.Http11NioProtocol - [log,173] - Initializing ProtocolHandler ["http-nio-8080"]
00:29:37.995 [main] INFO  o.a.c.c.StandardService - [log,173] - Starting service [Tomcat]
00:29:37.996 [main] INFO  o.a.c.c.StandardEngine - [log,173] - Starting Servlet engine: [Apache Tomcat/10.1.34]
00:29:38.038 [main] INFO  o.a.c.c.C.[.[.[/] - [log,173] - Initializing Spring embedded WebApplicationContext
00:29:38.039 [main] INFO  o.s.b.w.s.c.ServletWebServerApplicationContext - [prepareWebApplicationContext,296] - Root WebApplicationContext: initialization completed in 888 ms
00:29:38.161 [main] INFO  c.a.d.s.b.a.DruidDataSourceAutoConfigure - [dataSource,68] - Init DruidDataSource
00:29:38.236 [main] INFO  c.a.d.p.DruidDataSource - [init,1002] - {dataSource-1} inited
00:29:38.584 [main] INFO  o.s.s.c.a.a.c.InitializeUserDetailsBeanManagerConfigurer$InitializeUserDetailsManagerConfigurer - [configure,114] - Global AuthenticationManager configured with UserDetailsService bean with name inMemoryUserDetailsManager
00:29:38.983 [main] INFO  o.a.c.h.Http11NioProtocol - [log,173] - Starting ProtocolHandler ["http-nio-8080"]
00:29:38.998 [main] INFO  o.s.b.w.e.t.TomcatWebServer - [start,243] - Tomcat started on port 8080 (http) with context path '/'
00:29:39.004 [main] INFO  c.f.SpringbootApplication - [logStarted,59] - Started SpringbootApplication in 2.183 seconds (process running for 2.986)
00:30:04.943 [http-nio-8080-exec-1] INFO  o.a.c.c.C.[.[.[/] - [log,173] - Initializing Spring DispatcherServlet 'dispatcherServlet'
00:30:04.943 [http-nio-8080-exec-1] INFO  o.s.w.s.DispatcherServlet - [initServletBean,532] - Initializing Servlet 'dispatcherServlet'
00:30:04.945 [http-nio-8080-exec-1] INFO  o.s.w.s.DispatcherServlet - [initServletBean,554] - Completed initialization in 2 ms
00:38:11.467 [SpringApplicationShutdownHook] INFO  o.s.b.w.e.t.GracefulShutdown - [shutDownGracefully,54] - Commencing graceful shutdown. Waiting for active requests to complete
00:38:11.474 [tomcat-shutdown] INFO  o.s.b.w.e.t.GracefulShutdown - [doShutdown,76] - Graceful shutdown complete
00:38:11.477 [SpringApplicationShutdownHook] INFO  c.a.d.p.DruidDataSource - [close,2204] - {dataSource-1} closing ...
00:38:11.483 [SpringApplicationShutdownHook] INFO  c.a.d.p.DruidDataSource - [close,2277] - {dataSource-1} closed
19:03:52.280 [main] INFO  c.f.SpringbootApplication - [logStarting,53] - Starting SpringbootApplication using Java 21.0.10 with PID 35176 (F:\fast\springboot\target\classes started by LJH in F:\fast)
19:03:52.283 [main] INFO  c.f.SpringbootApplication - [logStartupProfileInfo,652] - No active profile set, falling back to 1 default profile: "default"
19:03:53.242 [main] INFO  o.s.b.w.e.t.TomcatWebServer - [initialize,111] - Tomcat initialized with port 8080 (http)
19:03:53.252 [main] INFO  o.a.c.h.Http11NioProtocol - [log,173] - Initializing ProtocolHandler ["http-nio-8080"]
19:03:53.253 [main] INFO  o.a.c.c.StandardService - [log,173] - Starting service [Tomcat]
19:03:53.254 [main] INFO  o.a.c.c.StandardEngine - [log,173] - Starting Servlet engine: [Apache Tomcat/10.1.34]
19:03:53.292 [main] INFO  o.a.c.c.C.[.[.[/] - [log,173] - Initializing Spring embedded WebApplicationContext
19:03:53.292 [main] INFO  o.s.b.w.s.c.ServletWebServerApplicationContext - [prepareWebApplicationContext,296] - Root WebApplicationContext: initialization completed in 980 ms
19:03:53.429 [main] INFO  c.a.d.s.b.a.DruidDataSourceAutoConfigure - [dataSource,68] - Init DruidDataSource
19:03:53.513 [main] INFO  c.a.d.p.DruidDataSource - [init,1002] - {dataSource-1} inited
19:03:53.905 [main] INFO  o.s.s.c.a.a.c.InitializeUserDetailsBeanManagerConfigurer$InitializeUserDetailsManagerConfigurer - [configure,114] - Global AuthenticationManager configured with UserDetailsService bean with name inMemoryUserDetailsManager
19:03:54.318 [main] INFO  o.a.c.h.Http11NioProtocol - [log,173] - Starting ProtocolHandler ["http-nio-8080"]
19:03:54.333 [main] INFO  o.s.b.w.e.t.TomcatWebServer - [start,243] - Tomcat started on port 8080 (http) with context path '/'
19:03:54.340 [main] INFO  c.f.SpringbootApplication - [logStarted,59] - Started SpringbootApplication in 2.381 seconds (process running for 3.714)
19:03:58.486 [http-nio-8080-exec-1] INFO  o.a.c.c.C.[.[.[/] - [log,173] - Initializing Spring DispatcherServlet 'dispatcherServlet'
19:03:58.487 [http-nio-8080-exec-1] INFO  o.s.w.s.DispatcherServlet - [initServletBean,532] - Initializing Servlet 'dispatcherServlet'
19:03:58.488 [http-nio-8080-exec-1] INFO  o.s.w.s.DispatcherServlet - [initServletBean,554] - Completed initialization in 1 ms
19:03:58.634 [http-nio-8080-exec-1] INFO  c.f.s.c.TokenService - [getLoginUser,109] - 解析用户信息异常=>io.jsonwebtoken.ExpiredJwtException: JWT expired at 2026-04-30T18:52:04Z. Current time: 2026-05-01T11:03:58Z, a difference of 58314632 milliseconds.  Allowed clock skew: 0 milliseconds.{}
