11:06:12.069 [main] INFO  c.f.SpringbootApplication - [logStarting,53] - Starting SpringbootApplication using Java 21.0.10 with PID 80524 (F:\fast\springboot\target\classes started by LJH in F:\fast)
11:06:12.073 [main] INFO  c.f.SpringbootApplication - [logStartupProfileInfo,652] - No active profile set, falling back to 1 default profile: "default"
11:06:13.054 [main] INFO  o.s.b.w.e.t.TomcatWebServer - [initialize,111] - Tomcat initialized with port 8080 (http)
11:06:13.066 [main] INFO  o.a.c.h.Http11NioProtocol - [log,173] - Initializing ProtocolHandler ["http-nio-8080"]
11:06:13.068 [main] INFO  o.a.c.c.StandardService - [log,173] - Starting service [Tomcat]
11:06:13.068 [main] INFO  o.a.c.c.StandardEngine - [log,173] - Starting Servlet engine: [Apache Tomcat/10.1.34]
11:06:13.115 [main] INFO  o.a.c.c.C.[.[.[/] - [log,173] - Initializing Spring embedded WebApplicationContext
11:06:13.115 [main] INFO  o.s.b.w.s.c.ServletWebServerApplicationContext - [prepareWebApplicationContext,296] - Root WebApplicationContext: initialization completed in 1012 ms
11:06:13.445 [main] INFO  c.a.d.s.b.a.DruidDataSourceAutoConfigure - [dataSource,68] - Init DruidDataSource
11:06:13.635 [main] INFO  c.a.d.p.DruidDataSource - [init,1002] - {dataSource-1} inited
11:06:14.478 [main] INFO  o.s.s.c.a.a.c.InitializeUserDetailsBeanManagerConfigurer$InitializeUserDetailsManagerConfigurer - [configure,114] - Global AuthenticationManager configured with UserDetailsService bean with name inMemoryUserDetailsManager
11:06:15.467 [main] INFO  o.a.c.h.Http11NioProtocol - [log,173] - Starting ProtocolHandler ["http-nio-8080"]
11:06:15.497 [main] INFO  o.s.b.w.e.t.TomcatWebServer - [start,243] - Tomcat started on port 8080 (http) with context path '/'
11:06:15.509 [main] INFO  c.f.SpringbootApplication - [logStarted,59] - Started SpringbootApplication in 3.742 seconds (process running for 5.365)
11:06:19.064 [http-nio-8080-exec-1] INFO  o.a.c.c.C.[.[.[/] - [log,173] - Initializing Spring DispatcherServlet 'dispatcherServlet'
11:06:19.064 [http-nio-8080-exec-1] INFO  o.s.w.s.DispatcherServlet - [initServletBean,532] - Initializing Servlet 'dispatcherServlet'
11:06:19.065 [http-nio-8080-exec-1] INFO  o.s.w.s.DispatcherServlet - [initServletBean,554] - Completed initialization in 1 ms
11:06:19.168 [http-nio-8080-exec-1] INFO  c.f.s.c.TokenService - [getLoginUser,109] - 解析用户信息异常=>io.jsonwebtoken.ExpiredJwtException: JWT expired at 2026-05-11T20:36:13Z. Current time: 2026-05-12T03:06:19Z, a difference of 23406166 milliseconds.  Allowed clock skew: 0 milliseconds.{}
14:25:28.223 [SpringApplicationShutdownHook] INFO  o.s.b.w.e.t.GracefulShutdown - [shutDownGracefully,54] - Commencing graceful shutdown. Waiting for active requests to complete
14:25:28.287 [tomcat-shutdown] INFO  o.s.b.w.e.t.GracefulShutdown - [doShutdown,76] - Graceful shutdown complete
14:25:28.335 [SpringApplicationShutdownHook] INFO  c.a.d.p.DruidDataSource - [close,2204] - {dataSource-1} closing ...
14:25:28.349 [SpringApplicationShutdownHook] INFO  c.a.d.p.DruidDataSource - [close,2277] - {dataSource-1} closed
14:25:32.232 [main] INFO  c.f.SpringbootApplication - [logStarting,53] - Starting SpringbootApplication using Java 21.0.10 with PID 77780 (F:\fast\springboot\target\classes started by LJH in F:\fast)
14:25:32.235 [main] INFO  c.f.SpringbootApplication - [logStartupProfileInfo,652] - No active profile set, falling back to 1 default profile: "default"
14:25:33.105 [main] INFO  o.s.b.w.e.t.TomcatWebServer - [initialize,111] - Tomcat initialized with port 8080 (http)
14:25:33.116 [main] INFO  o.a.c.h.Http11NioProtocol - [log,173] - Initializing ProtocolHandler ["http-nio-8080"]
14:25:33.117 [main] INFO  o.a.c.c.StandardService - [log,173] - Starting service [Tomcat]
14:25:33.117 [main] INFO  o.a.c.c.StandardEngine - [log,173] - Starting Servlet engine: [Apache Tomcat/10.1.34]
14:25:33.157 [main] INFO  o.a.c.c.C.[.[.[/] - [log,173] - Initializing Spring embedded WebApplicationContext
14:25:33.158 [main] INFO  o.s.b.w.s.c.ServletWebServerApplicationContext - [prepareWebApplicationContext,296] - Root WebApplicationContext: initialization completed in 897 ms
14:25:33.281 [main] INFO  c.a.d.s.b.a.DruidDataSourceAutoConfigure - [dataSource,68] - Init DruidDataSource
14:25:33.350 [main] INFO  c.a.d.p.DruidDataSource - [init,1002] - {dataSource-1} inited
14:25:33.662 [main] INFO  o.s.s.c.a.a.c.InitializeUserDetailsBeanManagerConfigurer$InitializeUserDetailsManagerConfigurer - [configure,114] - Global AuthenticationManager configured with UserDetailsService bean with name inMemoryUserDetailsManager
14:25:34.038 [main] INFO  o.a.c.h.Http11NioProtocol - [log,173] - Starting ProtocolHandler ["http-nio-8080"]
14:25:34.055 [main] INFO  o.s.b.w.e.t.TomcatWebServer - [start,243] - Tomcat started on port 8080 (http) with context path '/'
14:25:34.061 [main] INFO  c.f.SpringbootApplication - [logStarted,59] - Started SpringbootApplication in 2.139 seconds (process running for 2.958)
14:25:40.076 [http-nio-8080-exec-1] INFO  o.a.c.c.C.[.[.[/] - [log,173] - Initializing Spring DispatcherServlet 'dispatcherServlet'
14:25:40.077 [http-nio-8080-exec-1] INFO  o.s.w.s.DispatcherServlet - [initServletBean,532] - Initializing Servlet 'dispatcherServlet'
14:25:40.079 [http-nio-8080-exec-1] INFO  o.s.w.s.DispatcherServlet - [initServletBean,554] - Completed initialization in 1 ms
14:40:39.944 [SpringApplicationShutdownHook] INFO  o.s.b.w.e.t.GracefulShutdown - [shutDownGracefully,54] - Commencing graceful shutdown. Waiting for active requests to complete
14:40:39.950 [tomcat-shutdown] INFO  o.s.b.w.e.t.GracefulShutdown - [doShutdown,76] - Graceful shutdown complete
14:40:39.954 [SpringApplicationShutdownHook] INFO  c.a.d.p.DruidDataSource - [close,2204] - {dataSource-1} closing ...
14:40:39.961 [SpringApplicationShutdownHook] INFO  c.a.d.p.DruidDataSource - [close,2277] - {dataSource-1} closed
14:40:43.527 [main] INFO  c.f.SpringbootApplication - [logStarting,53] - Starting SpringbootApplication using Java 21.0.10 with PID 64660 (F:\fast\springboot\target\classes started by LJH in F:\fast)
14:40:43.530 [main] INFO  c.f.SpringbootApplication - [logStartupProfileInfo,652] - No active profile set, falling back to 1 default profile: "default"
14:40:44.360 [main] INFO  o.s.b.w.e.t.TomcatWebServer - [initialize,111] - Tomcat initialized with port 8080 (http)
14:40:44.371 [main] INFO  o.a.c.h.Http11NioProtocol - [log,173] - Initializing ProtocolHandler ["http-nio-8080"]
14:40:44.374 [main] INFO  o.a.c.c.StandardService - [log,173] - Starting service [Tomcat]
14:40:44.374 [main] INFO  o.a.c.c.StandardEngine - [log,173] - Starting Servlet engine: [Apache Tomcat/10.1.34]
14:40:44.415 [main] INFO  o.a.c.c.C.[.[.[/] - [log,173] - Initializing Spring embedded WebApplicationContext
14:40:44.415 [main] INFO  o.s.b.w.s.c.ServletWebServerApplicationContext - [prepareWebApplicationContext,296] - Root WebApplicationContext: initialization completed in 856 ms
14:40:44.547 [main] INFO  c.a.d.s.b.a.DruidDataSourceAutoConfigure - [dataSource,68] - Init DruidDataSource
14:40:44.614 [main] INFO  c.a.d.p.DruidDataSource - [init,1002] - {dataSource-1} inited
14:40:44.912 [main] INFO  o.s.s.c.a.a.c.InitializeUserDetailsBeanManagerConfigurer$InitializeUserDetailsManagerConfigurer - [configure,114] - Global AuthenticationManager configured with UserDetailsService bean with name inMemoryUserDetailsManager
14:40:45.280 [main] INFO  o.a.c.h.Http11NioProtocol - [log,173] - Starting ProtocolHandler ["http-nio-8080"]
14:40:45.295 [main] INFO  o.s.b.w.e.t.TomcatWebServer - [start,243] - Tomcat started on port 8080 (http) with context path '/'
14:40:45.301 [main] INFO  c.f.SpringbootApplication - [logStarted,59] - Started SpringbootApplication in 2.082 seconds (process running for 2.967)
14:41:06.142 [http-nio-8080-exec-1] INFO  o.a.c.c.C.[.[.[/] - [log,173] - Initializing Spring DispatcherServlet 'dispatcherServlet'
14:41:06.142 [http-nio-8080-exec-1] INFO  o.s.w.s.DispatcherServlet - [initServletBean,532] - Initializing Servlet 'dispatcherServlet'
14:41:06.143 [http-nio-8080-exec-1] INFO  o.s.w.s.DispatcherServlet - [initServletBean,554] - Completed initialization in 1 ms
14:45:42.873 [SpringApplicationShutdownHook] INFO  o.s.b.w.e.t.GracefulShutdown - [shutDownGracefully,54] - Commencing graceful shutdown. Waiting for active requests to complete
14:45:42.881 [tomcat-shutdown] INFO  o.s.b.w.e.t.GracefulShutdown - [doShutdown,76] - Graceful shutdown complete
14:45:42.884 [SpringApplicationShutdownHook] INFO  c.a.d.p.DruidDataSource - [close,2204] - {dataSource-1} closing ...
14:45:42.890 [SpringApplicationShutdownHook] INFO  c.a.d.p.DruidDataSource - [close,2277] - {dataSource-1} closed
14:45:46.412 [main] INFO  c.f.SpringbootApplication - [logStarting,53] - Starting SpringbootApplication using Java 21.0.10 with PID 60076 (F:\fast\springboot\target\classes started by LJH in F:\fast)
14:45:46.414 [main] INFO  c.f.SpringbootApplication - [logStartupProfileInfo,652] - No active profile set, falling back to 1 default profile: "default"
14:45:47.217 [main] INFO  o.s.b.w.e.t.TomcatWebServer - [initialize,111] - Tomcat initialized with port 8080 (http)
14:45:47.226 [main] INFO  o.a.c.h.Http11NioProtocol - [log,173] - Initializing ProtocolHandler ["http-nio-8080"]
14:45:47.227 [main] INFO  o.a.c.c.StandardService - [log,173] - Starting service [Tomcat]
14:45:47.228 [main] INFO  o.a.c.c.StandardEngine - [log,173] - Starting Servlet engine: [Apache Tomcat/10.1.34]
14:45:47.273 [main] INFO  o.a.c.c.C.[.[.[/] - [log,173] - Initializing Spring embedded WebApplicationContext
14:45:47.274 [main] INFO  o.s.b.w.s.c.ServletWebServerApplicationContext - [prepareWebApplicationContext,296] - Root WebApplicationContext: initialization completed in 831 ms
14:45:47.401 [main] INFO  c.a.d.s.b.a.DruidDataSourceAutoConfigure - [dataSource,68] - Init DruidDataSource
14:45:47.471 [main] INFO  c.a.d.p.DruidDataSource - [init,1002] - {dataSource-1} inited
14:45:47.772 [main] INFO  o.s.s.c.a.a.c.InitializeUserDetailsBeanManagerConfigurer$InitializeUserDetailsManagerConfigurer - [configure,114] - Global AuthenticationManager configured with UserDetailsService bean with name inMemoryUserDetailsManager
14:45:48.150 [main] INFO  o.a.c.h.Http11NioProtocol - [log,173] - Starting ProtocolHandler ["http-nio-8080"]
14:45:48.164 [main] INFO  o.s.b.w.e.t.TomcatWebServer - [start,243] - Tomcat started on port 8080 (http) with context path '/'
14:45:48.170 [main] INFO  c.f.SpringbootApplication - [logStarted,59] - Started SpringbootApplication in 2.018 seconds (process running for 2.691)
14:45:52.451 [http-nio-8080-exec-1] INFO  o.a.c.c.C.[.[.[/] - [log,173] - Initializing Spring DispatcherServlet 'dispatcherServlet'
14:45:52.451 [http-nio-8080-exec-1] INFO  o.s.w.s.DispatcherServlet - [initServletBean,532] - Initializing Servlet 'dispatcherServlet'
14:45:52.453 [http-nio-8080-exec-1] INFO  o.s.w.s.DispatcherServlet - [initServletBean,554] - Completed initialization in 0 ms
14:57:55.801 [SpringApplicationShutdownHook] INFO  o.s.b.w.e.t.GracefulShutdown - [shutDownGracefully,54] - Commencing graceful shutdown. Waiting for active requests to complete
14:57:55.808 [tomcat-shutdown] INFO  o.s.b.w.e.t.GracefulShutdown - [doShutdown,76] - Graceful shutdown complete
14:57:55.810 [SpringApplicationShutdownHook] INFO  c.a.d.p.DruidDataSource - [close,2204] - {dataSource-1} closing ...
14:57:55.814 [SpringApplicationShutdownHook] INFO  c.a.d.p.DruidDataSource - [close,2277] - {dataSource-1} closed
14:57:58.891 [main] INFO  c.f.SpringbootApplication - [logStarting,53] - Starting SpringbootApplication using Java 21.0.10 with PID 79272 (F:\fast\springboot\target\classes started by LJH in F:\fast)
14:57:58.892 [main] INFO  c.f.SpringbootApplication - [logStartupProfileInfo,652] - No active profile set, falling back to 1 default profile: "default"
14:57:59.702 [main] INFO  o.s.b.w.e.t.TomcatWebServer - [initialize,111] - Tomcat initialized with port 8080 (http)
14:57:59.711 [main] INFO  o.a.c.h.Http11NioProtocol - [log,173] - Initializing ProtocolHandler ["http-nio-8080"]
14:57:59.713 [main] INFO  o.a.c.c.StandardService - [log,173] - Starting service [Tomcat]
14:57:59.713 [main] INFO  o.a.c.c.StandardEngine - [log,173] - Starting Servlet engine: [Apache Tomcat/10.1.34]
14:57:59.751 [main] INFO  o.a.c.c.C.[.[.[/] - [log,173] - Initializing Spring embedded WebApplicationContext
14:57:59.751 [main] INFO  o.s.b.w.s.c.ServletWebServerApplicationContext - [prepareWebApplicationContext,296] - Root WebApplicationContext: initialization completed in 827 ms
14:57:59.880 [main] INFO  c.a.d.s.b.a.DruidDataSourceAutoConfigure - [dataSource,68] - Init DruidDataSource
14:57:59.945 [main] INFO  c.a.d.p.DruidDataSource - [init,1002] - {dataSource-1} inited
14:58:00.254 [main] INFO  o.s.s.c.a.a.c.InitializeUserDetailsBeanManagerConfigurer$InitializeUserDetailsManagerConfigurer - [configure,114] - Global AuthenticationManager configured with UserDetailsService bean with name inMemoryUserDetailsManager
14:58:00.614 [main] INFO  o.a.c.h.Http11NioProtocol - [log,173] - Starting ProtocolHandler ["http-nio-8080"]
14:58:00.628 [main] INFO  o.s.b.w.e.t.TomcatWebServer - [start,243] - Tomcat started on port 8080 (http) with context path '/'
14:58:00.633 [main] INFO  c.f.SpringbootApplication - [logStarted,59] - Started SpringbootApplication in 2.012 seconds (process running for 2.677)
14:58:09.064 [http-nio-8080-exec-1] INFO  o.a.c.c.C.[.[.[/] - [log,173] - Initializing Spring DispatcherServlet 'dispatcherServlet'
14:58:09.064 [http-nio-8080-exec-1] INFO  o.s.w.s.DispatcherServlet - [initServletBean,532] - Initializing Servlet 'dispatcherServlet'
14:58:09.067 [http-nio-8080-exec-1] INFO  o.s.w.s.DispatcherServlet - [initServletBean,554] - Completed initialization in 2 ms
14:58:14.897 [SpringApplicationShutdownHook] INFO  o.s.b.w.e.t.GracefulShutdown - [shutDownGracefully,54] - Commencing graceful shutdown. Waiting for active requests to complete
14:58:14.906 [tomcat-shutdown] INFO  o.s.b.w.e.t.GracefulShutdown - [doShutdown,76] - Graceful shutdown complete
14:58:14.909 [SpringApplicationShutdownHook] INFO  c.a.d.p.DruidDataSource - [close,2204] - {dataSource-1} closing ...
14:58:14.917 [SpringApplicationShutdownHook] INFO  c.a.d.p.DruidDataSource - [close,2277] - {dataSource-1} closed
14:58:16.794 [main] INFO  c.f.SpringbootApplication - [logStarting,53] - Starting SpringbootApplication using Java 21.0.10 with PID 80236 (F:\fast\springboot\target\classes started by LJH in F:\fast)
14:58:16.796 [main] INFO  c.f.SpringbootApplication - [logStartupProfileInfo,652] - No active profile set, falling back to 1 default profile: "default"
14:58:17.617 [main] INFO  o.s.b.w.e.t.TomcatWebServer - [initialize,111] - Tomcat initialized with port 8080 (http)
14:58:17.626 [main] INFO  o.a.c.h.Http11NioProtocol - [log,173] - Initializing ProtocolHandler ["http-nio-8080"]
14:58:17.627 [main] INFO  o.a.c.c.StandardService - [log,173] - Starting service [Tomcat]
14:58:17.627 [main] INFO  o.a.c.c.StandardEngine - [log,173] - Starting Servlet engine: [Apache Tomcat/10.1.34]
14:58:17.662 [main] INFO  o.a.c.c.C.[.[.[/] - [log,173] - Initializing Spring embedded WebApplicationContext
14:58:17.662 [main] INFO  o.s.b.w.s.c.ServletWebServerApplicationContext - [prepareWebApplicationContext,296] - Root WebApplicationContext: initialization completed in 828 ms
14:58:17.779 [main] INFO  c.a.d.s.b.a.DruidDataSourceAutoConfigure - [dataSource,68] - Init DruidDataSource
14:58:17.853 [main] INFO  c.a.d.p.DruidDataSource - [init,1002] - {dataSource-1} inited
14:58:18.150 [main] INFO  o.s.s.c.a.a.c.InitializeUserDetailsBeanManagerConfigurer$InitializeUserDetailsManagerConfigurer - [configure,114] - Global AuthenticationManager configured with UserDetailsService bean with name inMemoryUserDetailsManager
14:58:18.542 [main] INFO  o.a.c.h.Http11NioProtocol - [log,173] - Starting ProtocolHandler ["http-nio-8080"]
14:58:18.555 [main] INFO  o.s.b.w.e.t.TomcatWebServer - [start,243] - Tomcat started on port 8080 (http) with context path '/'
14:58:18.560 [main] INFO  c.f.SpringbootApplication - [logStarted,59] - Started SpringbootApplication in 2.046 seconds (process running for 2.79)
15:07:40.865 [SpringApplicationShutdownHook] INFO  o.s.b.w.e.t.GracefulShutdown - [shutDownGracefully,54] - Commencing graceful shutdown. Waiting for active requests to complete
15:07:40.875 [tomcat-shutdown] INFO  o.s.b.w.e.t.GracefulShutdown - [doShutdown,76] - Graceful shutdown complete
15:07:40.878 [SpringApplicationShutdownHook] INFO  c.a.d.p.DruidDataSource - [close,2204] - {dataSource-1} closing ...
15:07:40.879 [SpringApplicationShutdownHook] INFO  c.a.d.p.DruidDataSource - [close,2277] - {dataSource-1} closed
15:07:43.059 [main] INFO  c.f.SpringbootApplication - [logStarting,53] - Starting SpringbootApplication using Java 21.0.10 with PID 66088 (F:\fast\springboot\target\classes started by LJH in F:\fast)
15:07:43.061 [main] INFO  c.f.SpringbootApplication - [logStartupProfileInfo,652] - No active profile set, falling back to 1 default profile: "default"
15:07:43.889 [main] INFO  o.s.b.w.e.t.TomcatWebServer - [initialize,111] - Tomcat initialized with port 8080 (http)
15:07:43.898 [main] INFO  o.a.c.h.Http11NioProtocol - [log,173] - Initializing ProtocolHandler ["http-nio-8080"]
15:07:43.900 [main] INFO  o.a.c.c.StandardService - [log,173] - Starting service [Tomcat]
15:07:43.900 [main] INFO  o.a.c.c.StandardEngine - [log,173] - Starting Servlet engine: [Apache Tomcat/10.1.34]
15:07:43.948 [main] INFO  o.a.c.c.C.[.[.[/] - [log,173] - Initializing Spring embedded WebApplicationContext
15:07:43.948 [main] INFO  o.s.b.w.s.c.ServletWebServerApplicationContext - [prepareWebApplicationContext,296] - Root WebApplicationContext: initialization completed in 856 ms
15:07:44.074 [main] INFO  c.a.d.s.b.a.DruidDataSourceAutoConfigure - [dataSource,68] - Init DruidDataSource
15:07:44.143 [main] INFO  c.a.d.p.DruidDataSource - [init,1002] - {dataSource-1} inited
15:07:44.444 [main] INFO  o.s.s.c.a.a.c.InitializeUserDetailsBeanManagerConfigurer$InitializeUserDetailsManagerConfigurer - [configure,114] - Global AuthenticationManager configured with UserDetailsService bean with name inMemoryUserDetailsManager
15:07:44.839 [main] INFO  o.a.c.h.Http11NioProtocol - [log,173] - Starting ProtocolHandler ["http-nio-8080"]
15:07:44.855 [main] INFO  o.s.b.w.e.t.TomcatWebServer - [start,243] - Tomcat started on port 8080 (http) with context path '/'
15:07:44.860 [main] INFO  c.f.SpringbootApplication - [logStarted,59] - Started SpringbootApplication in 2.074 seconds (process running for 2.724)
15:12:04.237 [http-nio-8080-exec-1] INFO  o.a.c.c.C.[.[.[/] - [log,173] - Initializing Spring DispatcherServlet 'dispatcherServlet'
15:12:04.237 [http-nio-8080-exec-1] INFO  o.s.w.s.DispatcherServlet - [initServletBean,532] - Initializing Servlet 'dispatcherServlet'
15:12:04.239 [http-nio-8080-exec-1] INFO  o.s.w.s.DispatcherServlet - [initServletBean,554] - Completed initialization in 1 ms
15:14:05.719 [SpringApplicationShutdownHook] INFO  o.s.b.w.e.t.GracefulShutdown - [shutDownGracefully,54] - Commencing graceful shutdown. Waiting for active requests to complete
15:14:05.726 [tomcat-shutdown] INFO  o.s.b.w.e.t.GracefulShutdown - [doShutdown,76] - Graceful shutdown complete
15:14:05.728 [SpringApplicationShutdownHook] INFO  c.a.d.p.DruidDataSource - [close,2204] - {dataSource-1} closing ...
15:14:05.732 [SpringApplicationShutdownHook] INFO  c.a.d.p.DruidDataSource - [close,2277] - {dataSource-1} closed
15:14:08.691 [main] INFO  c.f.SpringbootApplication - [logStarting,53] - Starting SpringbootApplication using Java 21.0.10 with PID 64936 (F:\fast\springboot\target\classes started by LJH in F:\fast)
15:14:08.692 [main] INFO  c.f.SpringbootApplication - [logStartupProfileInfo,652] - No active profile set, falling back to 1 default profile: "default"
15:14:09.491 [main] INFO  o.s.b.w.e.t.TomcatWebServer - [initialize,111] - Tomcat initialized with port 8080 (http)
15:14:09.500 [main] INFO  o.a.c.h.Http11NioProtocol - [log,173] - Initializing ProtocolHandler ["http-nio-8080"]
15:14:09.501 [main] INFO  o.a.c.c.StandardService - [log,173] - Starting service [Tomcat]
15:14:09.502 [main] INFO  o.a.c.c.StandardEngine - [log,173] - Starting Servlet engine: [Apache Tomcat/10.1.34]
15:14:09.539 [main] INFO  o.a.c.c.C.[.[.[/] - [log,173] - Initializing Spring embedded WebApplicationContext
15:14:09.539 [main] INFO  o.s.b.w.s.c.ServletWebServerApplicationContext - [prepareWebApplicationContext,296] - Root WebApplicationContext: initialization completed in 816 ms
15:14:09.664 [main] INFO  c.a.d.s.b.a.DruidDataSourceAutoConfigure - [dataSource,68] - Init DruidDataSource
15:14:09.726 [main] INFO  c.a.d.p.DruidDataSource - [init,1002] - {dataSource-1} inited
15:14:10.016 [main] INFO  o.s.s.c.a.a.c.InitializeUserDetailsBeanManagerConfigurer$InitializeUserDetailsManagerConfigurer - [configure,114] - Global AuthenticationManager configured with UserDetailsService bean with name inMemoryUserDetailsManager
15:14:10.417 [main] INFO  o.a.c.h.Http11NioProtocol - [log,173] - Starting ProtocolHandler ["http-nio-8080"]
15:14:10.433 [main] INFO  o.s.b.w.e.t.TomcatWebServer - [start,243] - Tomcat started on port 8080 (http) with context path '/'
15:14:10.438 [main] INFO  c.f.SpringbootApplication - [logStarted,59] - Started SpringbootApplication in 2.01 seconds (process running for 2.636)
15:14:43.560 [http-nio-8080-exec-1] INFO  o.a.c.c.C.[.[.[/] - [log,173] - Initializing Spring DispatcherServlet 'dispatcherServlet'
15:14:43.568 [http-nio-8080-exec-1] INFO  o.s.w.s.DispatcherServlet - [initServletBean,532] - Initializing Servlet 'dispatcherServlet'
15:14:43.570 [http-nio-8080-exec-1] INFO  o.s.w.s.DispatcherServlet - [initServletBean,554] - Completed initialization in 2 ms
15:33:41.872 [SpringApplicationShutdownHook] INFO  o.s.b.w.e.t.GracefulShutdown - [shutDownGracefully,54] - Commencing graceful shutdown. Waiting for active requests to complete
15:33:41.878 [tomcat-shutdown] INFO  o.s.b.w.e.t.GracefulShutdown - [doShutdown,76] - Graceful shutdown complete
15:33:41.881 [SpringApplicationShutdownHook] INFO  c.a.d.p.DruidDataSource - [close,2204] - {dataSource-1} closing ...
15:33:41.887 [SpringApplicationShutdownHook] INFO  c.a.d.p.DruidDataSource - [close,2277] - {dataSource-1} closed
15:33:45.350 [main] INFO  c.f.SpringbootApplication - [logStarting,53] - Starting SpringbootApplication using Java 21.0.10 with PID 42232 (F:\fast\springboot\target\classes started by LJH in F:\fast)
15:33:45.352 [main] INFO  c.f.SpringbootApplication - [logStartupProfileInfo,652] - No active profile set, falling back to 1 default profile: "default"
15:33:46.190 [main] INFO  o.s.b.w.e.t.TomcatWebServer - [initialize,111] - Tomcat initialized with port 8080 (http)
15:33:46.201 [main] INFO  o.a.c.h.Http11NioProtocol - [log,173] - Initializing ProtocolHandler ["http-nio-8080"]
15:33:46.203 [main] INFO  o.a.c.c.StandardService - [log,173] - Starting service [Tomcat]
15:33:46.203 [main] INFO  o.a.c.c.StandardEngine - [log,173] - Starting Servlet engine: [Apache Tomcat/10.1.34]
15:33:46.257 [main] INFO  o.a.c.c.C.[.[.[/] - [log,173] - Initializing Spring embedded WebApplicationContext
15:33:46.257 [main] INFO  o.s.b.w.s.c.ServletWebServerApplicationContext - [prepareWebApplicationContext,296] - Root WebApplicationContext: initialization completed in 881 ms
15:33:46.404 [main] INFO  c.a.d.s.b.a.DruidDataSourceAutoConfigure - [dataSource,68] - Init DruidDataSource
15:33:46.471 [main] INFO  c.a.d.p.DruidDataSource - [init,1002] - {dataSource-1} inited
15:33:46.820 [main] INFO  o.s.s.c.a.a.c.InitializeUserDetailsBeanManagerConfigurer$InitializeUserDetailsManagerConfigurer - [configure,114] - Global AuthenticationManager configured with UserDetailsService bean with name inMemoryUserDetailsManager
15:33:47.228 [main] INFO  o.a.c.h.Http11NioProtocol - [log,173] - Starting ProtocolHandler ["http-nio-8080"]
15:33:47.243 [main] INFO  o.s.b.w.e.t.TomcatWebServer - [start,243] - Tomcat started on port 8080 (http) with context path '/'
15:33:47.249 [main] INFO  c.f.SpringbootApplication - [logStarted,59] - Started SpringbootApplication in 2.188 seconds (process running for 3.015)
15:33:48.613 [http-nio-8080-exec-1] INFO  o.a.c.c.C.[.[.[/] - [log,173] - Initializing Spring DispatcherServlet 'dispatcherServlet'
15:33:48.614 [http-nio-8080-exec-1] INFO  o.s.w.s.DispatcherServlet - [initServletBean,532] - Initializing Servlet 'dispatcherServlet'
15:33:48.615 [http-nio-8080-exec-1] INFO  o.s.w.s.DispatcherServlet - [initServletBean,554] - Completed initialization in 1 ms
15:54:18.558 [SpringApplicationShutdownHook] INFO  o.s.b.w.e.t.GracefulShutdown - [shutDownGracefully,54] - Commencing graceful shutdown. Waiting for active requests to complete
15:54:18.563 [tomcat-shutdown] INFO  o.s.b.w.e.t.GracefulShutdown - [doShutdown,76] - Graceful shutdown complete
15:54:18.566 [SpringApplicationShutdownHook] INFO  c.a.d.p.DruidDataSource - [close,2204] - {dataSource-1} closing ...
15:54:18.570 [SpringApplicationShutdownHook] INFO  c.a.d.p.DruidDataSource - [close,2277] - {dataSource-1} closed
15:54:21.706 [main] INFO  c.f.SpringbootApplication - [logStarting,53] - Starting SpringbootApplication using Java 21.0.10 with PID 3740 (F:\fast\springboot\target\classes started by LJH in F:\fast)
15:54:21.707 [main] INFO  c.f.SpringbootApplication - [logStartupProfileInfo,652] - No active profile set, falling back to 1 default profile: "default"
15:54:22.546 [main] INFO  o.s.b.w.e.t.TomcatWebServer - [initialize,111] - Tomcat initialized with port 8080 (http)
15:54:22.557 [main] INFO  o.a.c.h.Http11NioProtocol - [log,173] - Initializing ProtocolHandler ["http-nio-8080"]
15:54:22.558 [main] INFO  o.a.c.c.StandardService - [log,173] - Starting service [Tomcat]
15:54:22.559 [main] INFO  o.a.c.c.StandardEngine - [log,173] - Starting Servlet engine: [Apache Tomcat/10.1.34]
15:54:22.600 [main] INFO  o.a.c.c.C.[.[.[/] - [log,173] - Initializing Spring embedded WebApplicationContext
15:54:22.601 [main] INFO  o.s.b.w.s.c.ServletWebServerApplicationContext - [prepareWebApplicationContext,296] - Root WebApplicationContext: initialization completed in 866 ms
15:54:22.725 [main] INFO  c.a.d.s.b.a.DruidDataSourceAutoConfigure - [dataSource,68] - Init DruidDataSource
15:54:22.790 [main] INFO  c.a.d.p.DruidDataSource - [init,1002] - {dataSource-1} inited
15:54:23.102 [main] INFO  o.s.s.c.a.a.c.InitializeUserDetailsBeanManagerConfigurer$InitializeUserDetailsManagerConfigurer - [configure,114] - Global AuthenticationManager configured with UserDetailsService bean with name inMemoryUserDetailsManager
15:54:23.513 [main] INFO  o.a.c.h.Http11NioProtocol - [log,173] - Starting ProtocolHandler ["http-nio-8080"]
15:54:23.528 [main] INFO  o.s.b.w.e.t.TomcatWebServer - [start,243] - Tomcat started on port 8080 (http) with context path '/'
15:54:23.535 [main] INFO  c.f.SpringbootApplication - [logStarted,59] - Started SpringbootApplication in 2.101 seconds (process running for 2.735)
15:54:36.125 [http-nio-8080-exec-1] INFO  o.a.c.c.C.[.[.[/] - [log,173] - Initializing Spring DispatcherServlet 'dispatcherServlet'
15:54:36.125 [http-nio-8080-exec-1] INFO  o.s.w.s.DispatcherServlet - [initServletBean,532] - Initializing Servlet 'dispatcherServlet'
15:54:36.126 [http-nio-8080-exec-1] INFO  o.s.w.s.DispatcherServlet - [initServletBean,554] - Completed initialization in 1 ms
15:56:02.701 [SpringApplicationShutdownHook] INFO  o.s.b.w.e.t.GracefulShutdown - [shutDownGracefully,54] - Commencing graceful shutdown. Waiting for active requests to complete
15:56:02.708 [tomcat-shutdown] INFO  o.s.b.w.e.t.GracefulShutdown - [doShutdown,76] - Graceful shutdown complete
15:56:02.712 [SpringApplicationShutdownHook] INFO  c.a.d.p.DruidDataSource - [close,2204] - {dataSource-1} closing ...
15:56:02.716 [SpringApplicationShutdownHook] INFO  c.a.d.p.DruidDataSource - [close,2277] - {dataSource-1} closed
15:56:05.914 [main] INFO  c.f.SpringbootApplication - [logStarting,53] - Starting SpringbootApplication using Java 21.0.10 with PID 40744 (F:\fast\springboot\target\classes started by LJH in F:\fast)
15:56:05.916 [main] INFO  c.f.SpringbootApplication - [logStartupProfileInfo,652] - No active profile set, falling back to 1 default profile: "default"
15:56:06.750 [main] INFO  o.s.b.w.e.t.TomcatWebServer - [initialize,111] - Tomcat initialized with port 8080 (http)
15:56:06.766 [main] INFO  o.a.c.h.Http11NioProtocol - [log,173] - Initializing ProtocolHandler ["http-nio-8080"]
15:56:06.769 [main] INFO  o.a.c.c.StandardService - [log,173] - Starting service [Tomcat]
15:56:06.769 [main] INFO  o.a.c.c.StandardEngine - [log,173] - Starting Servlet engine: [Apache Tomcat/10.1.34]
15:56:06.804 [main] INFO  o.a.c.c.C.[.[.[/] - [log,173] - Initializing Spring embedded WebApplicationContext
15:56:06.804 [main] INFO  o.s.b.w.s.c.ServletWebServerApplicationContext - [prepareWebApplicationContext,296] - Root WebApplicationContext: initialization completed in 861 ms
15:56:06.913 [main] INFO  c.a.d.s.b.a.DruidDataSourceAutoConfigure - [dataSource,68] - Init DruidDataSource
15:56:06.979 [main] INFO  c.a.d.p.DruidDataSource - [init,1002] - {dataSource-1} inited
15:56:07.279 [main] INFO  o.s.s.c.a.a.c.InitializeUserDetailsBeanManagerConfigurer$InitializeUserDetailsManagerConfigurer - [configure,114] - Global AuthenticationManager configured with UserDetailsService bean with name inMemoryUserDetailsManager
15:56:07.686 [main] INFO  o.a.c.h.Http11NioProtocol - [log,173] - Starting ProtocolHandler ["http-nio-8080"]
15:56:07.701 [main] INFO  o.s.b.w.e.t.TomcatWebServer - [start,243] - Tomcat started on port 8080 (http) with context path '/'
15:56:07.707 [main] INFO  c.f.SpringbootApplication - [logStarted,59] - Started SpringbootApplication in 2.1 seconds (process running for 2.73)
15:56:17.712 [http-nio-8080-exec-1] INFO  o.a.c.c.C.[.[.[/] - [log,173] - Initializing Spring DispatcherServlet 'dispatcherServlet'
15:56:17.713 [http-nio-8080-exec-1] INFO  o.s.w.s.DispatcherServlet - [initServletBean,532] - Initializing Servlet 'dispatcherServlet'
15:56:17.714 [http-nio-8080-exec-1] INFO  o.s.w.s.DispatcherServlet - [initServletBean,554] - Completed initialization in 1 ms
16:12:13.198 [SpringApplicationShutdownHook] INFO  o.s.b.w.e.t.GracefulShutdown - [shutDownGracefully,54] - Commencing graceful shutdown. Waiting for active requests to complete
16:12:13.204 [tomcat-shutdown] INFO  o.s.b.w.e.t.GracefulShutdown - [doShutdown,76] - Graceful shutdown complete
16:12:13.206 [SpringApplicationShutdownHook] INFO  c.a.d.p.DruidDataSource - [close,2204] - {dataSource-1} closing ...
16:12:13.210 [SpringApplicationShutdownHook] INFO  c.a.d.p.DruidDataSource - [close,2277] - {dataSource-1} closed
16:12:15.052 [main] INFO  c.f.SpringbootApplication - [logStarting,53] - Starting SpringbootApplication using Java 21.0.10 with PID 74904 (F:\fast\springboot\target\classes started by LJH in F:\fast)
16:12:15.054 [main] INFO  c.f.SpringbootApplication - [logStartupProfileInfo,652] - No active profile set, falling back to 1 default profile: "default"
16:12:15.932 [main] INFO  o.s.b.w.e.t.TomcatWebServer - [initialize,111] - Tomcat initialized with port 8080 (http)
16:12:15.941 [main] INFO  o.a.c.h.Http11NioProtocol - [log,173] - Initializing ProtocolHandler ["http-nio-8080"]
16:12:15.942 [main] INFO  o.a.c.c.StandardService - [log,173] - Starting service [Tomcat]
16:12:15.942 [main] INFO  o.a.c.c.StandardEngine - [log,173] - Starting Servlet engine: [Apache Tomcat/10.1.34]
16:12:15.980 [main] INFO  o.a.c.c.C.[.[.[/] - [log,173] - Initializing Spring embedded WebApplicationContext
16:12:15.982 [main] INFO  o.s.b.w.s.c.ServletWebServerApplicationContext - [prepareWebApplicationContext,296] - Root WebApplicationContext: initialization completed in 888 ms
16:12:16.112 [main] INFO  c.a.d.s.b.a.DruidDataSourceAutoConfigure - [dataSource,68] - Init DruidDataSource
16:12:16.177 [main] INFO  c.a.d.p.DruidDataSource - [init,1002] - {dataSource-1} inited
16:12:16.478 [main] INFO  o.s.s.c.a.a.c.InitializeUserDetailsBeanManagerConfigurer$InitializeUserDetailsManagerConfigurer - [configure,114] - Global AuthenticationManager configured with UserDetailsService bean with name inMemoryUserDetailsManager
16:12:16.857 [main] INFO  o.a.c.h.Http11NioProtocol - [log,173] - Starting ProtocolHandler ["http-nio-8080"]
16:12:16.870 [main] INFO  o.s.b.w.e.t.TomcatWebServer - [start,243] - Tomcat started on port 8080 (http) with context path '/'
16:12:16.875 [main] INFO  c.f.SpringbootApplication - [logStarted,59] - Started SpringbootApplication in 2.107 seconds (process running for 2.789)
16:12:22.794 [http-nio-8080-exec-1] INFO  o.a.c.c.C.[.[.[/] - [log,173] - Initializing Spring DispatcherServlet 'dispatcherServlet'
16:12:22.795 [http-nio-8080-exec-1] INFO  o.s.w.s.DispatcherServlet - [initServletBean,532] - Initializing Servlet 'dispatcherServlet'
16:12:22.797 [http-nio-8080-exec-1] INFO  o.s.w.s.DispatcherServlet - [initServletBean,554] - Completed initialization in 2 ms
16:16:57.314 [SpringApplicationShutdownHook] INFO  o.s.b.w.e.t.GracefulShutdown - [shutDownGracefully,54] - Commencing graceful shutdown. Waiting for active requests to complete
16:16:57.323 [tomcat-shutdown] INFO  o.s.b.w.e.t.GracefulShutdown - [doShutdown,76] - Graceful shutdown complete
16:16:57.326 [SpringApplicationShutdownHook] INFO  c.a.d.p.DruidDataSource - [close,2204] - {dataSource-1} closing ...
16:16:57.330 [SpringApplicationShutdownHook] INFO  c.a.d.p.DruidDataSource - [close,2277] - {dataSource-1} closed
16:16:59.071 [main] INFO  c.f.SpringbootApplication - [logStarting,53] - Starting SpringbootApplication using Java 21.0.10 with PID 12180 (F:\fast\springboot\target\classes started by LJH in F:\fast)
16:16:59.073 [main] INFO  c.f.SpringbootApplication - [logStartupProfileInfo,652] - No active profile set, falling back to 1 default profile: "default"
16:16:59.910 [main] INFO  o.s.b.w.e.t.TomcatWebServer - [initialize,111] - Tomcat initialized with port 8080 (http)
16:16:59.925 [main] INFO  o.a.c.h.Http11NioProtocol - [log,173] - Initializing ProtocolHandler ["http-nio-8080"]
16:16:59.926 [main] INFO  o.a.c.c.StandardService - [log,173] - Starting service [Tomcat]
16:16:59.927 [main] INFO  o.a.c.c.StandardEngine - [log,173] - Starting Servlet engine: [Apache Tomcat/10.1.34]
16:16:59.979 [main] INFO  o.a.c.c.C.[.[.[/] - [log,173] - Initializing Spring embedded WebApplicationContext
16:16:59.979 [main] INFO  o.s.b.w.s.c.ServletWebServerApplicationContext - [prepareWebApplicationContext,296] - Root WebApplicationContext: initialization completed in 867 ms
16:17:00.100 [main] INFO  c.a.d.s.b.a.DruidDataSourceAutoConfigure - [dataSource,68] - Init DruidDataSource
16:17:00.165 [main] INFO  c.a.d.p.DruidDataSource - [init,1002] - {dataSource-1} inited
16:17:00.460 [main] INFO  o.s.s.c.a.a.c.InitializeUserDetailsBeanManagerConfigurer$InitializeUserDetailsManagerConfigurer - [configure,114] - Global AuthenticationManager configured with UserDetailsService bean with name inMemoryUserDetailsManager
16:17:00.833 [main] INFO  o.a.c.h.Http11NioProtocol - [log,173] - Starting ProtocolHandler ["http-nio-8080"]
16:17:00.847 [main] INFO  o.s.b.w.e.t.TomcatWebServer - [start,243] - Tomcat started on port 8080 (http) with context path '/'
16:17:00.853 [main] INFO  c.f.SpringbootApplication - [logStarted,59] - Started SpringbootApplication in 2.039 seconds (process running for 2.755)
16:17:04.483 [http-nio-8080-exec-1] INFO  o.a.c.c.C.[.[.[/] - [log,173] - Initializing Spring DispatcherServlet 'dispatcherServlet'
16:17:04.483 [http-nio-8080-exec-1] INFO  o.s.w.s.DispatcherServlet - [initServletBean,532] - Initializing Servlet 'dispatcherServlet'
16:17:04.486 [http-nio-8080-exec-1] INFO  o.s.w.s.DispatcherServlet - [initServletBean,554] - Completed initialization in 2 ms
16:22:44.989 [SpringApplicationShutdownHook] INFO  o.s.b.w.e.t.GracefulShutdown - [shutDownGracefully,54] - Commencing graceful shutdown. Waiting for active requests to complete
16:22:44.997 [tomcat-shutdown] INFO  o.s.b.w.e.t.GracefulShutdown - [doShutdown,76] - Graceful shutdown complete
16:22:45.000 [SpringApplicationShutdownHook] INFO  c.a.d.p.DruidDataSource - [close,2204] - {dataSource-1} closing ...
16:22:45.005 [SpringApplicationShutdownHook] INFO  c.a.d.p.DruidDataSource - [close,2277] - {dataSource-1} closed
16:22:47.351 [main] INFO  c.f.SpringbootApplication - [logStarting,53] - Starting SpringbootApplication using Java 21.0.10 with PID 67368 (F:\fast\springboot\target\classes started by LJH in F:\fast)
16:22:47.353 [main] INFO  c.f.SpringbootApplication - [logStartupProfileInfo,652] - No active profile set, falling back to 1 default profile: "default"
16:22:48.170 [main] INFO  o.s.b.w.e.t.TomcatWebServer - [initialize,111] - Tomcat initialized with port 8080 (http)
16:22:48.180 [main] INFO  o.a.c.h.Http11NioProtocol - [log,173] - Initializing ProtocolHandler ["http-nio-8080"]
16:22:48.181 [main] INFO  o.a.c.c.StandardService - [log,173] - Starting service [Tomcat]
16:22:48.181 [main] INFO  o.a.c.c.StandardEngine - [log,173] - Starting Servlet engine: [Apache Tomcat/10.1.34]
16:22:48.217 [main] INFO  o.a.c.c.C.[.[.[/] - [log,173] - Initializing Spring embedded WebApplicationContext
16:22:48.217 [main] INFO  o.s.b.w.s.c.ServletWebServerApplicationContext - [prepareWebApplicationContext,296] - Root WebApplicationContext: initialization completed in 831 ms
16:22:48.326 [main] INFO  c.a.d.s.b.a.DruidDataSourceAutoConfigure - [dataSource,68] - Init DruidDataSource
16:22:48.398 [main] INFO  c.a.d.p.DruidDataSource - [init,1002] - {dataSource-1} inited
16:22:48.702 [main] INFO  o.s.s.c.a.a.c.InitializeUserDetailsBeanManagerConfigurer$InitializeUserDetailsManagerConfigurer - [configure,114] - Global AuthenticationManager configured with UserDetailsService bean with name inMemoryUserDetailsManager
16:22:49.092 [main] INFO  o.a.c.h.Http11NioProtocol - [log,173] - Starting ProtocolHandler ["http-nio-8080"]
16:22:49.108 [main] INFO  o.s.b.w.e.t.TomcatWebServer - [start,243] - Tomcat started on port 8080 (http) with context path '/'
16:22:49.113 [main] INFO  c.f.SpringbootApplication - [logStarted,59] - Started SpringbootApplication in 2.04 seconds (process running for 2.776)
16:22:51.830 [http-nio-8080-exec-1] INFO  o.a.c.c.C.[.[.[/] - [log,173] - Initializing Spring DispatcherServlet 'dispatcherServlet'
16:22:51.831 [http-nio-8080-exec-1] INFO  o.s.w.s.DispatcherServlet - [initServletBean,532] - Initializing Servlet 'dispatcherServlet'
16:22:51.832 [http-nio-8080-exec-1] INFO  o.s.w.s.DispatcherServlet - [initServletBean,554] - Completed initialization in 1 ms
16:23:51.666 [SpringApplicationShutdownHook] INFO  o.s.b.w.e.t.GracefulShutdown - [shutDownGracefully,54] - Commencing graceful shutdown. Waiting for active requests to complete
16:23:51.672 [tomcat-shutdown] INFO  o.s.b.w.e.t.GracefulShutdown - [doShutdown,76] - Graceful shutdown complete
16:23:51.675 [SpringApplicationShutdownHook] INFO  c.a.d.p.DruidDataSource - [close,2204] - {dataSource-1} closing ...
16:23:51.680 [SpringApplicationShutdownHook] INFO  c.a.d.p.DruidDataSource - [close,2277] - {dataSource-1} closed
16:23:53.673 [main] INFO  c.f.SpringbootApplication - [logStarting,53] - Starting SpringbootApplication using Java 21.0.10 with PID 44028 (F:\fast\springboot\target\classes started by LJH in F:\fast)
16:23:53.674 [main] INFO  c.f.SpringbootApplication - [logStartupProfileInfo,652] - No active profile set, falling back to 1 default profile: "default"
16:23:54.541 [main] INFO  o.s.b.w.e.t.TomcatWebServer - [initialize,111] - Tomcat initialized with port 8080 (http)
16:23:54.550 [main] INFO  o.a.c.h.Http11NioProtocol - [log,173] - Initializing ProtocolHandler ["http-nio-8080"]
16:23:54.552 [main] INFO  o.a.c.c.StandardService - [log,173] - Starting service [Tomcat]
16:23:54.552 [main] INFO  o.a.c.c.StandardEngine - [log,173] - Starting Servlet engine: [Apache Tomcat/10.1.34]
16:23:54.588 [main] INFO  o.a.c.c.C.[.[.[/] - [log,173] - Initializing Spring embedded WebApplicationContext
16:23:54.589 [main] INFO  o.s.b.w.s.c.ServletWebServerApplicationContext - [prepareWebApplicationContext,296] - Root WebApplicationContext: initialization completed in 883 ms
16:23:54.708 [main] INFO  c.a.d.s.b.a.DruidDataSourceAutoConfigure - [dataSource,68] - Init DruidDataSource
16:23:54.792 [main] INFO  c.a.d.p.DruidDataSource - [init,1002] - {dataSource-1} inited
16:23:55.121 [main] INFO  o.s.s.c.a.a.c.InitializeUserDetailsBeanManagerConfigurer$InitializeUserDetailsManagerConfigurer - [configure,114] - Global AuthenticationManager configured with UserDetailsService bean with name inMemoryUserDetailsManager
16:23:55.575 [main] INFO  o.a.c.h.Http11NioProtocol - [log,173] - Starting ProtocolHandler ["http-nio-8080"]
16:23:55.590 [main] INFO  o.s.b.w.e.t.TomcatWebServer - [start,243] - Tomcat started on port 8080 (http) with context path '/'
16:23:55.596 [main] INFO  c.f.SpringbootApplication - [logStarted,59] - Started SpringbootApplication in 2.181 seconds (process running for 2.871)
16:25:06.318 [http-nio-8080-exec-1] INFO  o.a.c.c.C.[.[.[/] - [log,173] - Initializing Spring DispatcherServlet 'dispatcherServlet'
16:25:06.318 [http-nio-8080-exec-1] INFO  o.s.w.s.DispatcherServlet - [initServletBean,532] - Initializing Servlet 'dispatcherServlet'
16:25:06.319 [http-nio-8080-exec-1] INFO  o.s.w.s.DispatcherServlet - [initServletBean,554] - Completed initialization in 1 ms
17:45:27.068 [http-nio-8080-exec-7] INFO  c.f.s.e.GlobalExceptionHandler - [handleRuntimeException,20] - 运行时异常：
org.springframework.dao.DataIntegrityViolationException: 
### Error updating database.  Cause: java.sql.SQLIntegrityConstraintViolationException: Column 'role_id' cannot be null
### The error may exist in file [F:\fast\springboot\target\classes\mapper\system\UserRoleMapper.xml]
### The error may involve defaultParameterMap
### The error occurred while setting parameters
### SQL: insert into             user_role (user_id, role_id)         VALUES (?, ?)
### Cause: java.sql.SQLIntegrityConstraintViolationException: Column 'role_id' cannot be null
; Column 'role_id' cannot be null
	at org.springframework.jdbc.support.SQLExceptionSubclassTranslator.doTranslate(SQLExceptionSubclassTranslator.java:97)
	at org.springframework.jdbc.support.AbstractFallbackSQLExceptionTranslator.translate(AbstractFallbackSQLExceptionTranslator.java:107)
	at org.springframework.jdbc.support.AbstractFallbackSQLExceptionTranslator.translate(AbstractFallbackSQLExceptionTranslator.java:116)
	at org.mybatis.spring.MyBatisExceptionTranslator.translateExceptionIfPossible(MyBatisExceptionTranslator.java:95)
	at org.mybatis.spring.SqlSessionTemplate$SqlSessionInterceptor.invoke(SqlSessionTemplate.java:347)
	at jdk.proxy2/jdk.proxy2.$Proxy79.insert(Unknown Source)
	at org.mybatis.spring.SqlSessionTemplate.insert(SqlSessionTemplate.java:224)
	at org.apache.ibatis.binding.MapperMethod.execute(MapperMethod.java:62)
	at org.apache.ibatis.binding.MapperProxy$PlainMethodInvoker.invoke(MapperProxy.java:141)
	at org.apache.ibatis.binding.MapperProxy.invoke(MapperProxy.java:86)
	at jdk.proxy2/jdk.proxy2.$Proxy81.insertUserRole(Unknown Source)
	at com.fast.system.service.impl.UserServiceImpl.updateUser(UserServiceImpl.java:75)
	at java.base/jdk.internal.reflect.DirectMethodHandleAccessor.invoke(DirectMethodHandleAccessor.java:103)
	at java.base/java.lang.reflect.Method.invoke(Method.java:580)
	at org.springframework.aop.support.AopUtils.invokeJoinpointUsingReflection(AopUtils.java:359)
	at org.springframework.aop.framework.ReflectiveMethodInvocation.invokeJoinpoint(ReflectiveMethodInvocation.java:196)
	at org.springframework.aop.framework.ReflectiveMethodInvocation.proceed(ReflectiveMethodInvocation.java:163)
	at org.springframework.transaction.interceptor.TransactionAspectSupport.invokeWithinTransaction(TransactionAspectSupport.java:380)
	at org.springframework.transaction.interceptor.TransactionInterceptor.invoke(TransactionInterceptor.java:119)
	at org.springframework.aop.framework.ReflectiveMethodInvocation.proceed(ReflectiveMethodInvocation.java:184)
	at org.springframework.aop.framework.CglibAopProxy$DynamicAdvisedInterceptor.intercept(CglibAopProxy.java:727)
	at com.fast.system.service.impl.UserServiceImpl$$SpringCGLIB$$0.updateUser(<generated>)
	at com.fast.system.controller.ProfileController.updateProfile(ProfileController.java:106)
	at java.base/jdk.internal.reflect.DirectMethodHandleAccessor.invoke(DirectMethodHandleAccessor.java:103)
	at java.base/java.lang.reflect.Method.invoke(Method.java:580)
	at org.springframework.web.method.support.InvocableHandlerMethod.doInvoke(InvocableHandlerMethod.java:257)
	at org.springframework.web.method.support.InvocableHandlerMethod.invokeForRequest(InvocableHandlerMethod.java:190)
	at org.springframework.web.servlet.mvc.method.annotation.ServletInvocableHandlerMethod.invokeAndHandle(ServletInvocableHandlerMethod.java:118)
	at org.springframework.web.servlet.mvc.method.annotation.RequestMappingHandlerAdapter.invokeHandlerMethod(RequestMappingHandlerAdapter.java:986)
	at org.springframework.web.servlet.mvc.method.annotation.RequestMappingHandlerAdapter.handleInternal(RequestMappingHandlerAdapter.java:891)
	at org.springframework.web.servlet.mvc.method.AbstractHandlerMethodAdapter.handle(AbstractHandlerMethodAdapter.java:87)
	at org.springframework.web.servlet.DispatcherServlet.doDispatch(DispatcherServlet.java:1088)
	at org.springframework.web.servlet.DispatcherServlet.doService(DispatcherServlet.java:978)
	at org.springframework.web.servlet.FrameworkServlet.processRequest(FrameworkServlet.java:1014)
	at org.springframework.web.servlet.FrameworkServlet.doPut(FrameworkServlet.java:925)
	at jakarta.servlet.http.HttpServlet.service(HttpServlet.java:593)
	at org.springframework.web.servlet.FrameworkServlet.service(FrameworkServlet.java:885)
	at jakarta.servlet.http.HttpServlet.service(HttpServlet.java:658)
	at org.apache.catalina.core.ApplicationFilterChain.internalDoFilter(ApplicationFilterChain.java:195)
	at org.apache.catalina.core.ApplicationFilterChain.doFilter(ApplicationFilterChain.java:140)
	at org.apache.tomcat.websocket.server.WsFilter.doFilter(WsFilter.java:51)
	at org.apache.catalina.core.ApplicationFilterChain.internalDoFilter(ApplicationFilterChain.java:164)
	at org.apache.catalina.core.ApplicationFilterChain.doFilter(ApplicationFilterChain.java:140)
	at org.springframework.web.filter.OncePerRequestFilter.doFilter(OncePerRequestFilter.java:110)
	at org.apache.catalina.core.ApplicationFilterChain.internalDoFilter(ApplicationFilterChain.java:164)
	at org.apache.catalina.core.ApplicationFilterChain.doFilter(ApplicationFilterChain.java:140)
	at org.springframework.web.filter.CompositeFilter$VirtualFilterChain.doFilter(CompositeFilter.java:108)
	at org.springframework.security.web.FilterChainProxy.lambda$doFilterInternal$3(FilterChainProxy.java:231)
	at org.springframework.security.web.FilterChainProxy$VirtualFilterChain.doFilter(FilterChainProxy.java:365)
	at org.springframework.security.web.access.intercept.AuthorizationFilter.doFilter(AuthorizationFilter.java:101)
	at org.springframework.security.web.FilterChainProxy$VirtualFilterChain.doFilter(FilterChainProxy.java:374)
	at org.springframework.security.web.access.ExceptionTranslationFilter.doFilter(ExceptionTranslationFilter.java:126)
	at org.springframework.security.web.access.ExceptionTranslationFilter.doFilter(ExceptionTranslationFilter.java:120)
	at org.springframework.security.web.FilterChainProxy$VirtualFilterChain.doFilter(FilterChainProxy.java:374)
	at org.springframework.security.web.session.SessionManagementFilter.doFilter(SessionManagementFilter.java:131)
	at org.springframework.security.web.session.SessionManagementFilter.doFilter(SessionManagementFilter.java:85)
	at org.springframework.security.web.FilterChainProxy$VirtualFilterChain.doFilter(FilterChainProxy.java:374)
	at org.springframework.security.web.authentication.AnonymousAuthenticationFilter.doFilter(AnonymousAuthenticationFilter.java:100)
	at org.springframework.security.web.FilterChainProxy$VirtualFilterChain.doFilter(FilterChainProxy.java:374)
	at org.springframework.security.web.servletapi.SecurityContextHolderAwareRequestFilter.doFilter(SecurityContextHolderAwareRequestFilter.java:179)
	at org.springframework.security.web.FilterChainProxy$VirtualFilterChain.doFilter(FilterChainProxy.java:374)
	at org.springframework.security.web.savedrequest.RequestCacheAwareFilter.doFilter(RequestCacheAwareFilter.java:63)
	at org.springframework.security.web.FilterChainProxy$VirtualFilterChain.doFilter(FilterChainProxy.java:374)
	at com.fast.system.configure.JwtAuthenticationTokenFilter.doFilterInternal(JwtAuthenticationTokenFilter.java:53)
	at org.springframework.web.filter.OncePerRequestFilter.doFilter(OncePerRequestFilter.java:116)
	at org.springframework.security.web.FilterChainProxy$VirtualFilterChain.doFilter(FilterChainProxy.java:374)
	at org.springframework.security.web.authentication.logout.LogoutFilter.doFilter(LogoutFilter.java:107)
	at org.springframework.security.web.authentication.logout.LogoutFilter.doFilter(LogoutFilter.java:93)
	at org.springframework.security.web.FilterChainProxy$VirtualFilterChain.doFilter(FilterChainProxy.java:374)
	at org.springframework.web.filter.CorsFilter.doFilterInternal(CorsFilter.java:91)
	at org.springframework.web.filter.OncePerRequestFilter.doFilter(OncePerRequestFilter.java:116)
	at org.springframework.security.web.FilterChainProxy$VirtualFilterChain.doFilter(FilterChainProxy.java:374)
	at org.springframework.security.web.header.HeaderWriterFilter.doHeadersAfter(HeaderWriterFilter.java:90)
	at org.springframework.security.web.header.HeaderWriterFilter.doFilterInternal(HeaderWriterFilter.java:75)
	at org.springframework.web.filter.OncePerRequestFilter.doFilter(OncePerRequestFilter.java:116)
	at org.springframework.security.web.FilterChainProxy$VirtualFilterChain.doFilter(FilterChainProxy.java:374)
	at org.springframework.security.web.context.SecurityContextHolderFilter.doFilter(SecurityContextHolderFilter.java:82)
	at org.springframework.security.web.context.SecurityContextHolderFilter.doFilter(SecurityContextHolderFilter.java:69)
	at org.springframework.security.web.FilterChainProxy$VirtualFilterChain.doFilter(FilterChainProxy.java:374)
	at org.springframework.security.web.context.request.async.WebAsyncManagerIntegrationFilter.doFilterInternal(WebAsyncManagerIntegrationFilter.java:62)
	at org.springframework.web.filter.OncePerRequestFilter.doFilter(OncePerRequestFilter.java:116)
	at org.springframework.security.web.FilterChainProxy$VirtualFilterChain.doFilter(FilterChainProxy.java:374)
	at org.springframework.security.web.session.DisableEncodeUrlFilter.doFilterInternal(DisableEncodeUrlFilter.java:42)
	at org.springframework.web.filter.OncePerRequestFilter.doFilter(OncePerRequestFilter.java:116)
	at org.springframework.security.web.FilterChainProxy$VirtualFilterChain.doFilter(FilterChainProxy.java:374)
	at org.springframework.security.web.FilterChainProxy.doFilterInternal(FilterChainProxy.java:233)
	at org.springframework.security.web.FilterChainProxy.doFilter(FilterChainProxy.java:191)
	at org.springframework.web.filter.CompositeFilter$VirtualFilterChain.doFilter(CompositeFilter.java:113)
	at org.springframework.web.servlet.handler.HandlerMappingIntrospector.lambda$createCacheFilter$3(HandlerMappingIntrospector.java:243)
	at org.springframework.web.filter.CompositeFilter$VirtualFilterChain.doFilter(CompositeFilter.java:113)
	at org.springframework.web.filter.CompositeFilter.doFilter(CompositeFilter.java:74)
	at org.springframework.security.config.annotation.web.configuration.WebMvcSecurityConfiguration$CompositeFilterChainProxy.doFilter(WebMvcSecurityConfiguration.java:238)
	at org.springframework.web.filter.DelegatingFilterProxy.invokeDelegate(DelegatingFilterProxy.java:362)
	at org.springframework.web.filter.DelegatingFilterProxy.doFilter(DelegatingFilterProxy.java:278)
	at org.apache.catalina.core.ApplicationFilterChain.internalDoFilter(ApplicationFilterChain.java:164)
	at org.apache.catalina.core.ApplicationFilterChain.doFilter(ApplicationFilterChain.java:140)
	at org.springframework.web.filter.RequestContextFilter.doFilterInternal(RequestContextFilter.java:100)
	at org.springframework.web.filter.OncePerRequestFilter.doFilter(OncePerRequestFilter.java:116)
	at org.apache.catalina.core.ApplicationFilterChain.internalDoFilter(ApplicationFilterChain.java:164)
	at org.apache.catalina.core.ApplicationFilterChain.doFilter(ApplicationFilterChain.java:140)
	at org.springframework.web.filter.FormContentFilter.doFilterInternal(FormContentFilter.java:93)
	at org.springframework.web.filter.OncePerRequestFilter.doFilter(OncePerRequestFilter.java:116)
	at org.apache.catalina.core.ApplicationFilterChain.internalDoFilter(ApplicationFilterChain.java:164)
	at org.apache.catalina.core.ApplicationFilterChain.doFilter(ApplicationFilterChain.java:140)
	at org.springframework.web.filter.CharacterEncodingFilter.doFilterInternal(CharacterEncodingFilter.java:201)
	at org.springframework.web.filter.OncePerRequestFilter.doFilter(OncePerRequestFilter.java:116)
	at org.apache.catalina.core.ApplicationFilterChain.internalDoFilter(ApplicationFilterChain.java:164)
	at org.apache.catalina.core.ApplicationFilterChain.doFilter(ApplicationFilterChain.java:140)
	at org.apache.catalina.core.StandardWrapperValve.invoke(StandardWrapperValve.java:167)
	at org.apache.catalina.core.StandardContextValve.invoke(StandardContextValve.java:90)
	at org.apache.catalina.authenticator.AuthenticatorBase.invoke(AuthenticatorBase.java:483)
	at org.apache.catalina.core.StandardHostValve.invoke(StandardHostValve.java:115)
	at org.apache.catalina.valves.ErrorReportValve.invoke(ErrorReportValve.java:93)
	at org.apache.catalina.core.StandardEngineValve.invoke(StandardEngineValve.java:74)
	at org.apache.catalina.connector.CoyoteAdapter.service(CoyoteAdapter.java:344)
	at org.apache.coyote.http11.Http11Processor.service(Http11Processor.java:397)
	at org.apache.coyote.AbstractProcessorLight.process(AbstractProcessorLight.java:63)
	at org.apache.coyote.AbstractProtocol$ConnectionHandler.process(AbstractProtocol.java:905)
	at org.apache.tomcat.util.net.NioEndpoint$SocketProcessor.doRun(NioEndpoint.java:1741)
	at org.apache.tomcat.util.net.SocketProcessorBase.run(SocketProcessorBase.java:52)
	at org.apache.tomcat.util.threads.ThreadPoolExecutor.runWorker(ThreadPoolExecutor.java:1190)
	at org.apache.tomcat.util.threads.ThreadPoolExecutor$Worker.run(ThreadPoolExecutor.java:659)
	at org.apache.tomcat.util.threads.TaskThread$WrappingRunnable.run(TaskThread.java:63)
	at java.base/java.lang.Thread.run(Thread.java:1583)
Caused by: java.sql.SQLIntegrityConstraintViolationException: Column 'role_id' cannot be null
	at com.mysql.cj.jdbc.exceptions.SQLError.createSQLException(SQLError.java:118)
	at com.mysql.cj.jdbc.exceptions.SQLExceptionsMapping.translateException(SQLExceptionsMapping.java:122)
	at com.mysql.cj.jdbc.ClientPreparedStatement.executeInternal(ClientPreparedStatement.java:916)
	at com.mysql.cj.jdbc.ClientPreparedStatement.execute(ClientPreparedStatement.java:354)
	at com.alibaba.druid.pool.DruidPooledPreparedStatement.execute(DruidPooledPreparedStatement.java:483)
	at java.base/jdk.internal.reflect.DirectMethodHandleAccessor.invoke(DirectMethodHandleAccessor.java:103)
	at java.base/java.lang.reflect.Method.invoke(Method.java:580)
	at org.apache.ibatis.logging.jdbc.PreparedStatementLogger.invoke(PreparedStatementLogger.java:58)
	at jdk.proxy3/jdk.proxy3.$Proxy98.execute(Unknown Source)
	at org.apache.ibatis.executor.statement.PreparedStatementHandler.update(PreparedStatementHandler.java:48)
	at org.apache.ibatis.executor.statement.RoutingStatementHandler.update(RoutingStatementHandler.java:75)
	at org.apache.ibatis.executor.SimpleExecutor.doUpdate(SimpleExecutor.java:50)
	at org.apache.ibatis.executor.BaseExecutor.update(BaseExecutor.java:117)
	at org.apache.ibatis.executor.CachingExecutor.update(CachingExecutor.java:76)
	at java.base/jdk.internal.reflect.DirectMethodHandleAccessor.invoke(DirectMethodHandleAccessor.java:103)
	at java.base/java.lang.reflect.Method.invoke(Method.java:580)
	at org.apache.ibatis.plugin.Plugin.invoke(Plugin.java:61)
	at jdk.proxy2/jdk.proxy2.$Proxy96.update(Unknown Source)
	at org.apache.ibatis.session.defaults.DefaultSqlSession.update(DefaultSqlSession.java:197)
	at org.apache.ibatis.session.defaults.DefaultSqlSession.insert(DefaultSqlSession.java:184)
	at java.base/jdk.internal.reflect.DirectMethodHandleAccessor.invoke(DirectMethodHandleAccessor.java:103)
	at java.base/java.lang.reflect.Method.invoke(Method.java:580)
	at org.mybatis.spring.SqlSessionTemplate$SqlSessionInterceptor.invoke(SqlSessionTemplate.java:333)
	... 119 common frames omitted
17:45:35.431 [SpringApplicationShutdownHook] INFO  o.s.b.w.e.t.GracefulShutdown - [shutDownGracefully,54] - Commencing graceful shutdown. Waiting for active requests to complete
17:45:35.437 [tomcat-shutdown] INFO  o.s.b.w.e.t.GracefulShutdown - [doShutdown,76] - Graceful shutdown complete
17:45:35.443 [SpringApplicationShutdownHook] INFO  c.a.d.p.DruidDataSource - [close,2204] - {dataSource-1} closing ...
17:45:35.446 [SpringApplicationShutdownHook] INFO  c.a.d.p.DruidDataSource - [close,2277] - {dataSource-1} closed
17:45:39.002 [main] INFO  c.f.SpringbootApplication - [logStarting,53] - Starting SpringbootApplication using Java 21.0.10 with PID 24192 (F:\fast\springboot\target\classes started by LJH in F:\fast)
17:45:39.004 [main] INFO  c.f.SpringbootApplication - [logStartupProfileInfo,652] - No active profile set, falling back to 1 default profile: "default"
17:45:39.900 [main] INFO  o.s.b.w.e.t.TomcatWebServer - [initialize,111] - Tomcat initialized with port 8080 (http)
17:45:39.912 [main] INFO  o.a.c.h.Http11NioProtocol - [log,173] - Initializing ProtocolHandler ["http-nio-8080"]
17:45:39.913 [main] INFO  o.a.c.c.StandardService - [log,173] - Starting service [Tomcat]
17:45:39.913 [main] INFO  o.a.c.c.StandardEngine - [log,173] - Starting Servlet engine: [Apache Tomcat/10.1.34]
17:45:39.962 [main] INFO  o.a.c.c.C.[.[.[/] - [log,173] - Initializing Spring embedded WebApplicationContext
17:45:39.962 [main] INFO  o.s.b.w.s.c.ServletWebServerApplicationContext - [prepareWebApplicationContext,296] - Root WebApplicationContext: initialization completed in 929 ms
17:45:40.075 [main] INFO  c.a.d.s.b.a.DruidDataSourceAutoConfigure - [dataSource,68] - Init DruidDataSource
17:45:40.140 [main] INFO  c.a.d.p.DruidDataSource - [init,1002] - {dataSource-1} inited
17:45:40.442 [main] INFO  o.s.s.c.a.a.c.InitializeUserDetailsBeanManagerConfigurer$InitializeUserDetailsManagerConfigurer - [configure,114] - Global AuthenticationManager configured with UserDetailsService bean with name inMemoryUserDetailsManager
17:45:40.967 [main] INFO  o.a.c.h.Http11NioProtocol - [log,173] - Starting ProtocolHandler ["http-nio-8080"]
17:45:40.997 [main] INFO  o.s.b.w.e.t.TomcatWebServer - [start,243] - Tomcat started on port 8080 (http) with context path '/'
17:45:41.012 [main] INFO  c.f.SpringbootApplication - [logStarted,59] - Started SpringbootApplication in 2.323 seconds (process running for 3.188)
17:45:44.947 [http-nio-8080-exec-1] INFO  o.a.c.c.C.[.[.[/] - [log,173] - Initializing Spring DispatcherServlet 'dispatcherServlet'
17:45:44.948 [http-nio-8080-exec-1] INFO  o.s.w.s.DispatcherServlet - [initServletBean,532] - Initializing Servlet 'dispatcherServlet'
17:45:44.954 [http-nio-8080-exec-1] INFO  o.s.w.s.DispatcherServlet - [initServletBean,554] - Completed initialization in 1 ms
23:06:10.854 [SpringApplicationShutdownHook] INFO  o.s.b.w.e.t.GracefulShutdown - [shutDownGracefully,54] - Commencing graceful shutdown. Waiting for active requests to complete
23:06:10.980 [tomcat-shutdown] INFO  o.s.b.w.e.t.GracefulShutdown - [doShutdown,76] - Graceful shutdown complete
23:06:11.079 [SpringApplicationShutdownHook] INFO  c.a.d.p.DruidDataSource - [close,2204] - {dataSource-1} closing ...
23:06:11.118 [SpringApplicationShutdownHook] INFO  c.a.d.p.DruidDataSource - [close,2277] - {dataSource-1} closed
23:06:18.348 [main] INFO  c.f.SpringbootApplication - [logStarting,53] - Starting SpringbootApplication using Java 21.0.10 with PID 10056 (F:\fast\springboot\target\classes started by LJH in F:\fast)
23:06:18.352 [main] INFO  c.f.SpringbootApplication - [logStartupProfileInfo,652] - No active profile set, falling back to 1 default profile: "default"
23:06:19.694 [main] INFO  o.s.b.w.e.t.TomcatWebServer - [initialize,111] - Tomcat initialized with port 8080 (http)
23:06:19.708 [main] INFO  o.a.c.h.Http11NioProtocol - [log,173] - Initializing ProtocolHandler ["http-nio-8080"]
23:06:19.710 [main] INFO  o.a.c.c.StandardService - [log,173] - Starting service [Tomcat]
23:06:19.711 [main] INFO  o.a.c.c.StandardEngine - [log,173] - Starting Servlet engine: [Apache Tomcat/10.1.34]
23:06:19.774 [main] INFO  o.a.c.c.C.[.[.[/] - [log,173] - Initializing Spring embedded WebApplicationContext
23:06:19.775 [main] INFO  o.s.b.w.s.c.ServletWebServerApplicationContext - [prepareWebApplicationContext,296] - Root WebApplicationContext: initialization completed in 1370 ms
23:06:19.934 [main] INFO  o.a.c.c.StandardService - [log,173] - Stopping service [Tomcat]
23:06:19.968 [main] INFO  o.s.b.a.l.ConditionEvaluationReportLogger - [logMessage,82] - 

Error starting ApplicationContext. To display the condition evaluation report re-run your application with 'debug' enabled.
23:09:33.138 [main] INFO  c.f.SpringbootApplication - [logStarting,53] - Starting SpringbootApplication using Java 21.0.10 with PID 55232 (F:\fast\springboot\target\classes started by LJH in F:\fast)
23:09:33.142 [main] INFO  c.f.SpringbootApplication - [logStartupProfileInfo,652] - No active profile set, falling back to 1 default profile: "default"
23:09:34.345 [main] INFO  o.s.b.w.e.t.TomcatWebServer - [initialize,111] - Tomcat initialized with port 8080 (http)
23:09:34.357 [main] INFO  o.a.c.h.Http11NioProtocol - [log,173] - Initializing ProtocolHandler ["http-nio-8080"]
23:09:34.358 [main] INFO  o.a.c.c.StandardService - [log,173] - Starting service [Tomcat]
23:09:34.358 [main] INFO  o.a.c.c.StandardEngine - [log,173] - Starting Servlet engine: [Apache Tomcat/10.1.34]
23:09:34.406 [main] INFO  o.a.c.c.C.[.[.[/] - [log,173] - Initializing Spring embedded WebApplicationContext
23:09:34.408 [main] INFO  o.s.b.w.s.c.ServletWebServerApplicationContext - [prepareWebApplicationContext,296] - Root WebApplicationContext: initialization completed in 1223 ms
23:09:34.562 [main] INFO  o.a.c.c.StandardService - [log,173] - Stopping service [Tomcat]
23:09:34.592 [main] INFO  o.s.b.a.l.ConditionEvaluationReportLogger - [logMessage,82] - 

Error starting ApplicationContext. To display the condition evaluation report re-run your application with 'debug' enabled.
23:10:57.069 [main] INFO  c.f.SpringbootApplication - [logStarting,53] - Starting SpringbootApplication using Java 21.0.10 with PID 71360 (F:\fast\springboot\target\classes started by LJH in F:\fast)
23:10:57.071 [main] INFO  c.f.SpringbootApplication - [logStartupProfileInfo,652] - No active profile set, falling back to 1 default profile: "default"
23:10:58.296 [main] INFO  o.s.b.w.e.t.TomcatWebServer - [initialize,111] - Tomcat initialized with port 8080 (http)
23:10:58.309 [main] INFO  o.a.c.h.Http11NioProtocol - [log,173] - Initializing ProtocolHandler ["http-nio-8080"]
23:10:58.311 [main] INFO  o.a.c.c.StandardService - [log,173] - Starting service [Tomcat]
23:10:58.311 [main] INFO  o.a.c.c.StandardEngine - [log,173] - Starting Servlet engine: [Apache Tomcat/10.1.34]
23:10:58.362 [main] INFO  o.a.c.c.C.[.[.[/] - [log,173] - Initializing Spring embedded WebApplicationContext
23:10:58.362 [main] INFO  o.s.b.w.s.c.ServletWebServerApplicationContext - [prepareWebApplicationContext,296] - Root WebApplicationContext: initialization completed in 1256 ms
23:10:58.546 [main] INFO  c.a.d.s.b.a.DruidDataSourceAutoConfigure - [dataSource,68] - Init DruidDataSource
23:10:58.645 [main] INFO  c.a.d.p.DruidDataSource - [init,1002] - {dataSource-1} inited
23:10:59.216 [main] INFO  o.s.s.c.a.a.c.InitializeUserDetailsBeanManagerConfigurer$InitializeUserDetailsManagerConfigurer - [configure,114] - Global AuthenticationManager configured with UserDetailsService bean with name inMemoryUserDetailsManager
23:10:59.818 [main] INFO  o.a.c.h.Http11NioProtocol - [log,173] - Starting ProtocolHandler ["http-nio-8080"]
23:10:59.843 [main] INFO  o.s.b.w.e.t.TomcatWebServer - [start,243] - Tomcat started on port 8080 (http) with context path '/'
23:10:59.851 [main] INFO  c.f.SpringbootApplication - [logStarted,59] - Started SpringbootApplication in 3.233 seconds (process running for 4.3)
23:12:58.719 [http-nio-8080-exec-1] INFO  o.a.c.c.C.[.[.[/] - [log,173] - Initializing Spring DispatcherServlet 'dispatcherServlet'
23:12:58.720 [http-nio-8080-exec-1] INFO  o.s.w.s.DispatcherServlet - [initServletBean,532] - Initializing Servlet 'dispatcherServlet'
23:12:58.722 [http-nio-8080-exec-1] INFO  o.s.w.s.DispatcherServlet - [initServletBean,554] - Completed initialization in 2 ms
23:12:58.853 [http-nio-8080-exec-1] INFO  c.f.s.c.TokenService - [getLoginUser,109] - 解析用户信息异常=>io.jsonwebtoken.ExpiredJwtException: JWT expired at 2026-05-12T14:45:18Z. Current time: 2026-05-12T15:12:58Z, a difference of 1660852 milliseconds.  Allowed clock skew: 0 milliseconds.{}
23:42:33.718 [SpringApplicationShutdownHook] INFO  o.s.b.w.e.t.GracefulShutdown - [shutDownGracefully,54] - Commencing graceful shutdown. Waiting for active requests to complete
23:42:33.765 [tomcat-shutdown] INFO  o.s.b.w.e.t.GracefulShutdown - [doShutdown,76] - Graceful shutdown complete
23:42:33.801 [SpringApplicationShutdownHook] INFO  c.a.d.p.DruidDataSource - [close,2204] - {dataSource-1} closing ...
23:42:33.874 [SpringApplicationShutdownHook] INFO  c.a.d.p.DruidDataSource - [close,2277] - {dataSource-1} closed
23:42:39.430 [main] INFO  c.f.SpringbootApplication - [logStarting,53] - Starting SpringbootApplication using Java 21.0.10 with PID 40932 (F:\fast\springboot\target\classes started by LJH in F:\fast)
23:42:39.432 [main] INFO  c.f.SpringbootApplication - [logStartupProfileInfo,652] - No active profile set, falling back to 1 default profile: "default"
23:42:40.857 [main] INFO  o.s.b.w.e.t.TomcatWebServer - [initialize,111] - Tomcat initialized with port 8080 (http)
23:42:40.875 [main] INFO  o.a.c.h.Http11NioProtocol - [log,173] - Initializing ProtocolHandler ["http-nio-8080"]
23:42:40.877 [main] INFO  o.a.c.c.StandardService - [log,173] - Starting service [Tomcat]
23:42:40.878 [main] INFO  o.a.c.c.StandardEngine - [log,173] - Starting Servlet engine: [Apache Tomcat/10.1.34]
23:42:40.943 [main] INFO  o.a.c.c.C.[.[.[/] - [log,173] - Initializing Spring embedded WebApplicationContext
23:42:40.943 [main] INFO  o.s.b.w.s.c.ServletWebServerApplicationContext - [prepareWebApplicationContext,296] - Root WebApplicationContext: initialization completed in 1466 ms
23:42:41.127 [main] INFO  c.a.d.s.b.a.DruidDataSourceAutoConfigure - [dataSource,68] - Init DruidDataSource
23:42:41.232 [main] INFO  c.a.d.p.DruidDataSource - [init,1002] - {dataSource-1} inited
23:42:41.805 [main] INFO  o.s.s.c.a.a.c.InitializeUserDetailsBeanManagerConfigurer$InitializeUserDetailsManagerConfigurer - [configure,114] - Global AuthenticationManager configured with UserDetailsService bean with name inMemoryUserDetailsManager
23:42:42.436 [main] INFO  o.a.c.h.Http11NioProtocol - [log,173] - Starting ProtocolHandler ["http-nio-8080"]
23:42:42.460 [main] INFO  o.s.b.w.e.t.TomcatWebServer - [start,243] - Tomcat started on port 8080 (http) with context path '/'
23:42:42.468 [main] INFO  c.f.SpringbootApplication - [logStarted,59] - Started SpringbootApplication in 3.536 seconds (process running for 4.984)
23:44:25.112 [SpringApplicationShutdownHook] INFO  o.s.b.w.e.t.GracefulShutdown - [shutDownGracefully,54] - Commencing graceful shutdown. Waiting for active requests to complete
23:44:25.123 [tomcat-shutdown] INFO  o.s.b.w.e.t.GracefulShutdown - [doShutdown,76] - Graceful shutdown complete
23:44:25.128 [SpringApplicationShutdownHook] INFO  c.a.d.p.DruidDataSource - [close,2204] - {dataSource-1} closing ...
23:44:25.129 [SpringApplicationShutdownHook] INFO  c.a.d.p.DruidDataSource - [close,2277] - {dataSource-1} closed
23:44:28.962 [main] INFO  c.f.SpringbootApplication - [logStarting,53] - Starting SpringbootApplication using Java 21.0.10 with PID 15232 (F:\fast\springboot\target\classes started by LJH in F:\fast)
23:44:28.964 [main] INFO  c.f.SpringbootApplication - [logStartupProfileInfo,652] - No active profile set, falling back to 1 default profile: "default"
23:44:30.337 [main] INFO  o.s.b.w.e.t.TomcatWebServer - [initialize,111] - Tomcat initialized with port 8080 (http)
23:44:30.351 [main] INFO  o.a.c.h.Http11NioProtocol - [log,173] - Initializing ProtocolHandler ["http-nio-8080"]
23:44:30.355 [main] INFO  o.a.c.c.StandardService - [log,173] - Starting service [Tomcat]
23:44:30.355 [main] INFO  o.a.c.c.StandardEngine - [log,173] - Starting Servlet engine: [Apache Tomcat/10.1.34]
23:44:30.412 [main] INFO  o.a.c.c.C.[.[.[/] - [log,173] - Initializing Spring embedded WebApplicationContext
23:44:30.412 [main] INFO  o.s.b.w.s.c.ServletWebServerApplicationContext - [prepareWebApplicationContext,296] - Root WebApplicationContext: initialization completed in 1404 ms
23:44:30.572 [main] INFO  c.a.d.s.b.a.DruidDataSourceAutoConfigure - [dataSource,68] - Init DruidDataSource
23:44:30.675 [main] INFO  c.a.d.p.DruidDataSource - [init,1002] - {dataSource-1} inited
23:44:31.201 [main] INFO  o.s.s.c.a.a.c.InitializeUserDetailsBeanManagerConfigurer$InitializeUserDetailsManagerConfigurer - [configure,114] - Global AuthenticationManager configured with UserDetailsService bean with name inMemoryUserDetailsManager
23:44:31.765 [main] INFO  o.a.c.h.Http11NioProtocol - [log,173] - Starting ProtocolHandler ["http-nio-8080"]
23:44:31.790 [main] INFO  o.s.b.w.e.t.TomcatWebServer - [start,243] - Tomcat started on port 8080 (http) with context path '/'
23:44:31.800 [main] INFO  c.f.SpringbootApplication - [logStarted,59] - Started SpringbootApplication in 3.331 seconds (process running for 4.648)
23:48:46.556 [http-nio-8080-exec-1] INFO  o.a.c.c.C.[.[.[/] - [log,173] - Initializing Spring DispatcherServlet 'dispatcherServlet'
23:48:46.557 [http-nio-8080-exec-1] INFO  o.s.w.s.DispatcherServlet - [initServletBean,532] - Initializing Servlet 'dispatcherServlet'
23:48:46.561 [http-nio-8080-exec-1] INFO  o.s.w.s.DispatcherServlet - [initServletBean,554] - Completed initialization in 3 ms
